Using pre-set license
Built from '2021.1/staging' branch; Version is '2021.1.12f1 (afcadd793de6) revision 11520733'; Using compiler version '192528614'; Build Type 'Release'
OS: 'Windows 10 Home Single Language; OS build 19042.1110; Version 2009; 64bit' Language: 'pt' Physical Memory: 3973 MB
BatchMode: 1, IsHumanControllingUs: 0, StartBugReporterOnCrash: 0, Is64bit: 1, IsPro: 0

 COMMAND LINE ARGUMENTS:
C:\Program Files\Unity\Hub\Editor\2021.1.12f1\Editor\Unity.exe
-adb2
-batchMode
-noUpm
-name
AssetImportWorker3
-projectPath
C:/Users/Acer/Desktop/goodevil_unity_ver/v6/GoodEvil-SegundoTrimestre/GoodEvil-ProjetoIntegrado
-logFile
Logs/AssetImportWorker3.log
-srvPort
61942
Successfully changed project path to: C:/Users/Acer/Desktop/goodevil_unity_ver/v6/GoodEvil-SegundoTrimestre/GoodEvil-ProjetoIntegrado
C:/Users/Acer/Desktop/goodevil_unity_ver/v6/GoodEvil-SegundoTrimestre/GoodEvil-ProjetoIntegrado
Using Asset Import Pipeline V2.
Refreshing native plugins compatible for Editor in 47.47 ms, found 3 plugins.
Preloading 0 native plugins for Editor in 0.00 ms.
Initialize engine version: 2021.1.12f1 (afcadd793de6)
[Subsystems] Discovering subsystems at path C:/Program Files/Unity/Hub/Editor/2021.1.12f1/Editor/Data/Resources/UnitySubsystems
[Subsystems] Discovering subsystems at path C:/Users/Acer/Desktop/goodevil_unity_ver/v6/GoodEvil-SegundoTrimestre/GoodEvil-ProjetoIntegrado/Assets
GfxDevice: creating device client; threaded=0; jobified=0
Direct3D:
    Version:  Direct3D 11.0 [level 11.1]
    Renderer: Intel(R) UHD Graphics 620 (ID=0x5917)
    Vendor:   Intel
    VRAM:     1986 MB
    Driver:   25.20.100.6615
Initialize mono
Mono path[0] = 'C:/Program Files/Unity/Hub/Editor/2021.1.12f1/Editor/Data/Managed'
Mono path[1] = 'C:/Program Files/Unity/Hub/Editor/2021.1.12f1/Editor/Data/MonoBleedingEdge/lib/mono/unityjit'
Mono config path = 'C:/Program Files/Unity/Hub/Editor/2021.1.12f1/Editor/Data/MonoBleedingEdge/etc'
Using monoOptions --debugger-agent=transport=dt_socket,embedding=1,server=y,suspend=n,address=127.0.0.1:56668
Begin MonoManager ReloadAssembly
Registering precompiled unity dll's ...
Register platform support module: C:/Program Files/Unity/Hub/Editor/2021.1.12f1/Editor/Data/PlaybackEngines/WindowsStandaloneSupport/UnityEditor.WindowsStandalone.Extensions.dll
Registered in 0.002742 seconds.
Native extension for WindowsStandalone target not found
Refreshing native plugins compatible for Editor in 50.33 ms, found 3 plugins.
Preloading 0 native plugins for Editor in 0.00 ms.
Mono: successfully reloaded assembly
- Completed reload, in  1.410 seconds
Domain Reload Profiling:
	ReloadAssembly (1410ms)
		BeginReloadAssembly (63ms)
			ExecutionOrderSort (0ms)
			DisableScriptedObjects (0ms)
			BackupInstance (0ms)
			ReleaseScriptingObjects (0ms)
			CreateAndSetChildDomain (1ms)
		EndReloadAssembly (596ms)
			LoadAssemblies (60ms)
			RebuildTransferFunctionScriptingTraits (0ms)
			SetupTypeCache (260ms)
			ReleaseScriptCaches (0ms)
			RebuildScriptCaches (40ms)
			SetupLoadedEditorAssemblies (229ms)
				LogAssemblyErrors (0ms)
				InitializePlatformSupportModulesInManaged (9ms)
				SetLoadedEditorAssemblies (0ms)
				RefreshPlugins (50ms)
				BeforeProcessingInitializeOnLoad (2ms)
				ProcessInitializeOnLoadAttributes (130ms)
				ProcessInitializeOnLoadMethodAttributes (37ms)
				AfterProcessingInitializeOnLoad (0ms)
				EditorAssembliesLoaded (0ms)
			ExecutionOrderSort2 (0ms)
			AwakeInstancesAfterBackupRestoration (0ms)
Platform modules already initialized, skipping
Registering precompiled user dll's ...
Registered in 0.008515 seconds.
Begin MonoManager ReloadAssembly
Native extension for WindowsStandalone target not found
Refreshing native plugins compatible for Editor in 44.66 ms, found 3 plugins.
Preloading 0 native plugins for Editor in 0.00 ms.
Mono: successfully reloaded assembly
- Completed reload, in  2.598 seconds
Domain Reload Profiling:
	ReloadAssembly (2599ms)
		BeginReloadAssembly (222ms)
			ExecutionOrderSort (0ms)
			DisableScriptedObjects (5ms)
			BackupInstance (0ms)
			ReleaseScriptingObjects (0ms)
			CreateAndSetChildDomain (37ms)
		EndReloadAssembly (2204ms)
			LoadAssemblies (1211ms)
			RebuildTransferFunctionScriptingTraits (0ms)
			SetupTypeCache (395ms)
			ReleaseScriptCaches (0ms)
			RebuildScriptCaches (65ms)
			SetupLoadedEditorAssemblies (429ms)
				LogAssemblyErrors (0ms)
				InitializePlatformSupportModulesInManaged (5ms)
				SetLoadedEditorAssemblies (0ms)
				RefreshPlugins (45ms)
				BeforeProcessingInitializeOnLoad (70ms)
				ProcessInitializeOnLoadAttributes (283ms)
				ProcessInitializeOnLoadMethodAttributes (18ms)
				AfterProcessingInitializeOnLoad (7ms)
				EditorAssembliesLoaded (0ms)
			ExecutionOrderSort2 (0ms)
			AwakeInstancesAfterBackupRestoration (8ms)
Platform modules already initialized, skipping
========================================================================
Worker process is ready to serve import requests
Launched and connected shader compiler UnityShaderCompiler.exe after 0.46 seconds
Refreshing native plugins compatible for Editor in 0.47 ms, found 3 plugins.
Preloading 0 native plugins for Editor in 0.00 ms.
Unloading 2121 Unused Serialized files (Serialized files now loaded: 0)
System memory in use before: 97.9 MB.
System memory in use after: 98.0 MB.

Unloading 28 unused Assets to reduce memory usage. Loaded Objects now: 2574.
Total: 2.999600 ms (FindLiveObjects: 0.200000 ms CreateObjectMapping: 0.094900 ms MarkObjects: 2.619600 ms  DeleteObjects: 0.083800 ms)

AssetImportParameters requested are different than current active one (requested -> active):
  custom:framework-win-MediaFoundation: 216162199b28c13a410421893ffa2e32 -> 
  custom:video-decoder-ogg-theora: a1e56fd34408186e4bbccfd4996cb3dc -> 
  custom:container-muxer-webm: aa71ff27fc2769a1b78a27578f13a17b -> 
  custom:container-demuxer-webm: 4f35f7cbe854078d1ac9338744f61a02 -> 
  custom:container-demuxer-ogg: 62fdf1f143b41e24485cea50d1cbac27 -> 
  custom:video-encoder-webm-vp8: eb34c28f22e8b96e1ab97ce403110664 -> 
  custom:video-decoder-webm-vp8: 9c59270c3fd7afecdb556c50c9e8de78 -> 
  custom:audio-decoder-ogg-vorbis: bf7c407c2cedff20999df2af8eb42d56 -> 
  custom:audio-encoder-webm-vorbis: bf7c407c2cedff20999df2af8eb42d56 -> 
========================================================================
Received Import Request.
  path: Assets/Scenes/SampleScene.unity
  artifactKey: Guid(2cda990e2423bbf4892e6590ba056729) Importer(815301076,1909f56bfc062723c751e8b465ee728b)
Start importing Assets/Scenes/SampleScene.unity using Guid(2cda990e2423bbf4892e6590ba056729) Importer(815301076,1909f56bfc062723c751e8b465ee728b)  -> (artifact id: '0702a332fdaa7c7041a89361f2f06f81') in 0.017780 seconds 
========================================================================
Received Import Request.
  Time since last request: 0.000354 seconds.
  path: Assets/Scenes
  artifactKey: Guid(7295fd846604ff544a7a222c0d95e173) Importer(815301076,1909f56bfc062723c751e8b465ee728b)
Start importing Assets/Scenes using Guid(7295fd846604ff544a7a222c0d95e173) Importer(815301076,1909f56bfc062723c751e8b465ee728b)  -> (artifact id: '0b05397c62d303a437ab73e1251fef25') in 0.010115 seconds 
========================================================================
Received Import Request.
  Time since last request: 8.053377 seconds.
  path: Assets/Scripts
  artifactKey: Guid(6b0929da859f9a84687f7f1d29c234ee) Importer(815301076,1909f56bfc062723c751e8b465ee728b)
Start importing Assets/Scripts using Guid(6b0929da859f9a84687f7f1d29c234ee) Importer(815301076,1909f56bfc062723c751e8b465ee728b)  -> (artifact id: 'cec546f9d11b5e3220c882c57f9a64e1') in 0.011763 seconds 
========================================================================
Received Prepare
Registering precompiled user dll's ...
Registered in 0.043843 seconds.
Begin MonoManager ReloadAssembly
Native extension for WindowsStandalone target not found
Refreshing native plugins compatible for Editor in 0.80 ms, found 3 plugins.
Preloading 0 native plugins for Editor in 0.00 ms.
Mono: successfully reloaded assembly
- Completed reload, in  1.127 seconds
Domain Reload Profiling:
	ReloadAssembly (1128ms)
		BeginReloadAssembly (137ms)
			ExecutionOrderSort (0ms)
			DisableScriptedObjects (7ms)
			BackupInstance (0ms)
			ReleaseScriptingObjects (0ms)
			CreateAndSetChildDomain (40ms)
		EndReloadAssembly (924ms)
			LoadAssemblies (100ms)
			RebuildTransferFunctionScriptingTraits (0ms)
			SetupTypeCache (333ms)
			ReleaseScriptCaches (1ms)
			RebuildScriptCaches (48ms)
			SetupLoadedEditorAssemblies (322ms)
				LogAssemblyErrors (0ms)
				InitializePlatformSupportModulesInManaged (6ms)
				SetLoadedEditorAssemblies (0ms)
				RefreshPlugins (1ms)
				BeforeProcessingInitializeOnLoad (61ms)
				ProcessInitializeOnLoadAttributes (235ms)
				ProcessInitializeOnLoadMethodAttributes (11ms)
				AfterProcessingInitializeOnLoad (7ms)
				EditorAssembliesLoaded (0ms)
			ExecutionOrderSort2 (0ms)
			AwakeInstancesAfterBackupRestoration (14ms)
Platform modules already initialized, skipping
Script is not up to date after domain reload: guid(bf531f21c9b49884b91e1eb53cad93df) path("Assets/Scripts/DialogueLine.cs") state(2)
Refreshing native plugins compatible for Editor in 0.53 ms, found 3 plugins.
Preloading 0 native plugins for Editor in 0.00 ms.
Unloading 2099 Unused Serialized files (Serialized files now loaded: 0)
System memory in use before: 96.1 MB.
System memory in use after: 96.2 MB.

Unloading 16 unused Assets to reduce memory usage. Loaded Objects now: 2579.
Total: 2.912200 ms (FindLiveObjects: 0.201200 ms CreateObjectMapping: 0.071700 ms MarkObjects: 2.612800 ms  DeleteObjects: 0.025100 ms)

AssetImportParameters requested are different than current active one (requested -> active):
  custom:framework-win-MediaFoundation: 216162199b28c13a410421893ffa2e32 -> 
  custom:video-decoder-ogg-theora: a1e56fd34408186e4bbccfd4996cb3dc -> 
  custom:container-muxer-webm: aa71ff27fc2769a1b78a27578f13a17b -> 
  custom:container-demuxer-webm: 4f35f7cbe854078d1ac9338744f61a02 -> 
  custom:container-demuxer-ogg: 62fdf1f143b41e24485cea50d1cbac27 -> 
  custom:video-encoder-webm-vp8: eb34c28f22e8b96e1ab97ce403110664 -> 
  custom:video-decoder-webm-vp8: 9c59270c3fd7afecdb556c50c9e8de78 -> 
  custom:audio-decoder-ogg-vorbis: bf7c407c2cedff20999df2af8eb42d56 -> 
  custom:audio-encoder-webm-vorbis: bf7c407c2cedff20999df2af8eb42d56 -> 
========================================================================
Received Prepare
Registering precompiled user dll's ...
Registered in 0.109364 seconds.
Begin MonoManager ReloadAssembly
Native extension for WindowsStandalone target not found
Refreshing native plugins compatible for Editor in 0.51 ms, found 3 plugins.
Preloading 0 native plugins for Editor in 0.00 ms.
Mono: successfully reloaded assembly
- Completed reload, in  1.207 seconds
Domain Reload Profiling:
	ReloadAssembly (1207ms)
		BeginReloadAssembly (177ms)
			ExecutionOrderSort (0ms)
			DisableScriptedObjects (8ms)
			BackupInstance (0ms)
			ReleaseScriptingObjects (0ms)
			CreateAndSetChildDomain (41ms)
		EndReloadAssembly (962ms)
			LoadAssemblies (124ms)
			RebuildTransferFunctionScriptingTraits (0ms)
			SetupTypeCache (336ms)
			ReleaseScriptCaches (1ms)
			RebuildScriptCaches (54ms)
			SetupLoadedEditorAssemblies (345ms)
				LogAssemblyErrors (0ms)
				InitializePlatformSupportModulesInManaged (6ms)
				SetLoadedEditorAssemblies (1ms)
				RefreshPlugins (1ms)
				BeforeProcessingInitializeOnLoad (63ms)
				ProcessInitializeOnLoadAttributes (253ms)
				ProcessInitializeOnLoadMethodAttributes (14ms)
				AfterProcessingInitializeOnLoad (7ms)
				EditorAssembliesLoaded (0ms)
			ExecutionOrderSort2 (0ms)
			AwakeInstancesAfterBackupRestoration (13ms)
Platform modules already initialized, skipping
Refreshing native plugins compatible for Editor in 0.53 ms, found 3 plugins.
Preloading 0 native plugins for Editor in 0.00 ms.
Unloading 2100 Unused Serialized files (Serialized files now loaded: 0)
System memory in use before: 96.1 MB.
System memory in use after: 96.3 MB.

Unloading 16 unused Assets to reduce memory usage. Loaded Objects now: 2584.
Total: 4.407100 ms (FindLiveObjects: 0.289100 ms CreateObjectMapping: 0.122900 ms MarkObjects: 3.968900 ms  DeleteObjects: 0.024000 ms)

AssetImportParameters requested are different than current active one (requested -> active):
  custom:framework-win-MediaFoundation: 216162199b28c13a410421893ffa2e32 -> 
  custom:video-decoder-ogg-theora: a1e56fd34408186e4bbccfd4996cb3dc -> 
  custom:container-muxer-webm: aa71ff27fc2769a1b78a27578f13a17b -> 
  custom:container-demuxer-webm: 4f35f7cbe854078d1ac9338744f61a02 -> 
  custom:container-demuxer-ogg: 62fdf1f143b41e24485cea50d1cbac27 -> 
  custom:video-encoder-webm-vp8: eb34c28f22e8b96e1ab97ce403110664 -> 
  custom:video-decoder-webm-vp8: 9c59270c3fd7afecdb556c50c9e8de78 -> 
  custom:audio-decoder-ogg-vorbis: bf7c407c2cedff20999df2af8eb42d56 -> 
  custom:audio-encoder-webm-vorbis: bf7c407c2cedff20999df2af8eb42d56 -> 
========================================================================
Received Import Request.
  Time since last request: 91.913811 seconds.
  path: Assets/Scripts/DialogueBase.cs
  artifactKey: Guid(23cb951aacab3f440a7f1f09bd68f3ad) Importer(815301076,1909f56bfc062723c751e8b465ee728b)
Start importing Assets/Scripts/DialogueBase.cs using Guid(23cb951aacab3f440a7f1f09bd68f3ad) Importer(815301076,1909f56bfc062723c751e8b465ee728b)  -> (artifact id: 'b76707030c0fcfa8925548c5b4393e9d') in 0.367622 seconds 
========================================================================
Received Prepare
Registering precompiled user dll's ...
Registered in 0.004828 seconds.
Begin MonoManager ReloadAssembly
Native extension for WindowsStandalone target not found
Refreshing native plugins compatible for Editor in 0.48 ms, found 3 plugins.
Preloading 0 native plugins for Editor in 0.00 ms.
Mono: successfully reloaded assembly
- Completed reload, in  1.172 seconds
Domain Reload Profiling:
	ReloadAssembly (1173ms)
		BeginReloadAssembly (140ms)
			ExecutionOrderSort (0ms)
			DisableScriptedObjects (9ms)
			BackupInstance (0ms)
			ReleaseScriptingObjects (0ms)
			CreateAndSetChildDomain (45ms)
		EndReloadAssembly (959ms)
			LoadAssemblies (126ms)
			RebuildTransferFunctionScriptingTraits (0ms)
			SetupTypeCache (341ms)
			ReleaseScriptCaches (1ms)
			RebuildScriptCaches (53ms)
			SetupLoadedEditorAssemblies (323ms)
				LogAssemblyErrors (0ms)
				InitializePlatformSupportModulesInManaged (5ms)
				SetLoadedEditorAssemblies (0ms)
				RefreshPlugins (1ms)
				BeforeProcessingInitializeOnLoad (62ms)
				ProcessInitializeOnLoadAttributes (237ms)
				ProcessInitializeOnLoadMethodAttributes (10ms)
				AfterProcessingInitializeOnLoad (7ms)
				EditorAssembliesLoaded (0ms)
			ExecutionOrderSort2 (0ms)
			AwakeInstancesAfterBackupRestoration (12ms)
Platform modules already initialized, skipping
Refreshing native plugins compatible for Editor in 0.59 ms, found 3 plugins.
Preloading 0 native plugins for Editor in 0.00 ms.
Unloading 2100 Unused Serialized files (Serialized files now loaded: 0)
System memory in use before: 96.2 MB.
System memory in use after: 96.3 MB.

Unloading 16 unused Assets to reduce memory usage. Loaded Objects now: 2588.
Total: 3.016400 ms (FindLiveObjects: 0.197700 ms CreateObjectMapping: 0.075700 ms MarkObjects: 2.724000 ms  DeleteObjects: 0.017900 ms)

AssetImportParameters requested are different than current active one (requested -> active):
  custom:framework-win-MediaFoundation: 216162199b28c13a410421893ffa2e32 -> 
  custom:video-decoder-ogg-theora: a1e56fd34408186e4bbccfd4996cb3dc -> 
  custom:container-muxer-webm: aa71ff27fc2769a1b78a27578f13a17b -> 
  custom:container-demuxer-webm: 4f35f7cbe854078d1ac9338744f61a02 -> 
  custom:container-demuxer-ogg: 62fdf1f143b41e24485cea50d1cbac27 -> 
  custom:video-encoder-webm-vp8: eb34c28f22e8b96e1ab97ce403110664 -> 
  custom:video-decoder-webm-vp8: 9c59270c3fd7afecdb556c50c9e8de78 -> 
  custom:audio-decoder-ogg-vorbis: bf7c407c2cedff20999df2af8eb42d56 -> 
  custom:audio-encoder-webm-vorbis: bf7c407c2cedff20999df2af8eb42d56 -> 
========================================================================
Received Import Request.
  Time since last request: 220.659205 seconds.
  path: Assets/Scripts/DialogueLine.cs
  artifactKey: Guid(bf531f21c9b49884b91e1eb53cad93df) Importer(815301076,1909f56bfc062723c751e8b465ee728b)
Start importing Assets/Scripts/DialogueLine.cs using Guid(bf531f21c9b49884b91e1eb53cad93df) Importer(815301076,1909f56bfc062723c751e8b465ee728b)  -> (artifact id: '9be9d49beaed7d817639c1748260c636') in 0.118384 seconds 
========================================================================
Received Prepare
Registering precompiled user dll's ...
Registered in 0.245794 seconds.
Begin MonoManager ReloadAssembly
Native extension for WindowsStandalone target not found
Refreshing native plugins compatible for Editor in 0.46 ms, found 3 plugins.
Preloading 0 native plugins for Editor in 0.00 ms.
Mono: successfully reloaded assembly
- Completed reload, in  1.264 seconds
Domain Reload Profiling:
	ReloadAssembly (1264ms)
		BeginReloadAssembly (129ms)
			ExecutionOrderSort (0ms)
			DisableScriptedObjects (7ms)
			BackupInstance (0ms)
			ReleaseScriptingObjects (0ms)
			CreateAndSetChildDomain (39ms)
		EndReloadAssembly (1056ms)
			LoadAssemblies (147ms)
			RebuildTransferFunctionScriptingTraits (0ms)
			SetupTypeCache (390ms)
			ReleaseScriptCaches (1ms)
			RebuildScriptCaches (47ms)
			SetupLoadedEditorAssemblies (339ms)
				LogAssemblyErrors (0ms)
				InitializePlatformSupportModulesInManaged (5ms)
				SetLoadedEditorAssemblies (1ms)
				RefreshPlugins (1ms)
				BeforeProcessingInitializeOnLoad (60ms)
				ProcessInitializeOnLoadAttributes (254ms)
				ProcessInitializeOnLoadMethodAttributes (9ms)
				AfterProcessingInitializeOnLoad (7ms)
				EditorAssembliesLoaded (0ms)
			ExecutionOrderSort2 (0ms)
			AwakeInstancesAfterBackupRestoration (12ms)
Platform modules already initialized, skipping
Refreshing native plugins compatible for Editor in 0.52 ms, found 3 plugins.
Preloading 0 native plugins for Editor in 0.00 ms.
Unloading 2100 Unused Serialized files (Serialized files now loaded: 0)
System memory in use before: 96.2 MB.
System memory in use after: 96.3 MB.

Unloading 16 unused Assets to reduce memory usage. Loaded Objects now: 2592.
Total: 3.256000 ms (FindLiveObjects: 0.201700 ms CreateObjectMapping: 0.074300 ms MarkObjects: 2.958300 ms  DeleteObjects: 0.020700 ms)

AssetImportParameters requested are different than current active one (requested -> active):
  custom:framework-win-MediaFoundation: 216162199b28c13a410421893ffa2e32 -> 
  custom:video-decoder-ogg-theora: a1e56fd34408186e4bbccfd4996cb3dc -> 
  custom:container-muxer-webm: aa71ff27fc2769a1b78a27578f13a17b -> 
  custom:container-demuxer-webm: 4f35f7cbe854078d1ac9338744f61a02 -> 
  custom:container-demuxer-ogg: 62fdf1f143b41e24485cea50d1cbac27 -> 
  custom:video-encoder-webm-vp8: eb34c28f22e8b96e1ab97ce403110664 -> 
  custom:video-decoder-webm-vp8: 9c59270c3fd7afecdb556c50c9e8de78 -> 
  custom:audio-decoder-ogg-vorbis: bf7c407c2cedff20999df2af8eb42d56 -> 
  custom:audio-encoder-webm-vorbis: bf7c407c2cedff20999df2af8eb42d56 -> 
========================================================================
Received Import Request.
  Time since last request: 86.133363 seconds.
  path: Assets/Scripts/DialogueLine.cs
  artifactKey: Guid(bf531f21c9b49884b91e1eb53cad93df) Importer(815301076,1909f56bfc062723c751e8b465ee728b)
Start importing Assets/Scripts/DialogueLine.cs using Guid(bf531f21c9b49884b91e1eb53cad93df) Importer(815301076,1909f56bfc062723c751e8b465ee728b)  -> (artifact id: 'ca43ae9dcdecf73ce5cd15e10a46e542') in 0.007063 seconds 
========================================================================
Received Import Request.
  Time since last request: 74.593168 seconds.
  path: Assets/Scripts/PlayerMovement.cs
  artifactKey: Guid(95a8ea230c32b35408b47eb3d2cf5525) Importer(815301076,1909f56bfc062723c751e8b465ee728b)
Start importing Assets/Scripts/PlayerMovement.cs using Guid(95a8ea230c32b35408b47eb3d2cf5525) Importer(815301076,1909f56bfc062723c751e8b465ee728b)  -> (artifact id: '0e7a39209367130c5f94f024a5ef98af') in 0.049150 seconds 
========================================================================
Received Prepare
Registering precompiled user dll's ...
Registered in 0.539630 seconds.
Begin MonoManager ReloadAssembly
Native extension for WindowsStandalone target not found
Refreshing native plugins compatible for Editor in 0.49 ms, found 3 plugins.
Preloading 0 native plugins for Editor in 0.00 ms.
Mono: successfully reloaded assembly
- Completed reload, in  1.121 seconds
Domain Reload Profiling:
	ReloadAssembly (1122ms)
		BeginReloadAssembly (128ms)
			ExecutionOrderSort (0ms)
			DisableScriptedObjects (7ms)
			BackupInstance (0ms)
			ReleaseScriptingObjects (0ms)
			CreateAndSetChildDomain (38ms)
		EndReloadAssembly (926ms)
			LoadAssemblies (98ms)
			RebuildTransferFunctionScriptingTraits (0ms)
			SetupTypeCache (334ms)
			ReleaseScriptCaches (1ms)
			RebuildScriptCaches (47ms)
			SetupLoadedEditorAssemblies (320ms)
				LogAssemblyErrors (0ms)
				InitializePlatformSupportModulesInManaged (5ms)
				SetLoadedEditorAssemblies (1ms)
				RefreshPlugins (1ms)
				BeforeProcessingInitializeOnLoad (61ms)
				ProcessInitializeOnLoadAttributes (236ms)
				ProcessInitializeOnLoadMethodAttributes (10ms)
				AfterProcessingInitializeOnLoad (7ms)
				EditorAssembliesLoaded (0ms)
			ExecutionOrderSort2 (0ms)
			AwakeInstancesAfterBackupRestoration (11ms)
Platform modules already initialized, skipping
Refreshing native plugins compatible for Editor in 0.49 ms, found 3 plugins.
Preloading 0 native plugins for Editor in 0.00 ms.
Unloading 2100 Unused Serialized files (Serialized files now loaded: 0)
System memory in use before: 96.2 MB.
System memory in use after: 96.3 MB.

Unloading 16 unused Assets to reduce memory usage. Loaded Objects now: 2596.
Total: 3.495600 ms (FindLiveObjects: 0.237800 ms CreateObjectMapping: 0.103900 ms MarkObjects: 3.022400 ms  DeleteObjects: 0.130100 ms)

AssetImportParameters requested are different than current active one (requested -> active):
  custom:framework-win-MediaFoundation: 216162199b28c13a410421893ffa2e32 -> 
  custom:video-decoder-ogg-theora: a1e56fd34408186e4bbccfd4996cb3dc -> 
  custom:container-muxer-webm: aa71ff27fc2769a1b78a27578f13a17b -> 
  custom:container-demuxer-webm: 4f35f7cbe854078d1ac9338744f61a02 -> 
  custom:container-demuxer-ogg: 62fdf1f143b41e24485cea50d1cbac27 -> 
  custom:video-encoder-webm-vp8: eb34c28f22e8b96e1ab97ce403110664 -> 
  custom:video-decoder-webm-vp8: 9c59270c3fd7afecdb556c50c9e8de78 -> 
  custom:audio-decoder-ogg-vorbis: bf7c407c2cedff20999df2af8eb42d56 -> 
  custom:audio-encoder-webm-vorbis: bf7c407c2cedff20999df2af8eb42d56 -> 
========================================================================
Received Prepare
Registering precompiled user dll's ...
Registered in 1.059708 seconds.
Begin MonoManager ReloadAssembly
Native extension for WindowsStandalone target not found
Refreshing native plugins compatible for Editor in 0.47 ms, found 3 plugins.
Preloading 0 native plugins for Editor in 0.00 ms.
Mono: successfully reloaded assembly
- Completed reload, in  5.719 seconds
Domain Reload Profiling:
	ReloadAssembly (5720ms)
		BeginReloadAssembly (199ms)
			ExecutionOrderSort (0ms)
			DisableScriptedObjects (8ms)
			BackupInstance (0ms)
			ReleaseScriptingObjects (0ms)
			CreateAndSetChildDomain (51ms)
		EndReloadAssembly (5428ms)
			LoadAssemblies (4012ms)
			RebuildTransferFunctionScriptingTraits (0ms)
			SetupTypeCache (564ms)
			ReleaseScriptCaches (2ms)
			RebuildScriptCaches (63ms)
			SetupLoadedEditorAssemblies (529ms)
				LogAssemblyErrors (0ms)
				InitializePlatformSupportModulesInManaged (6ms)
				SetLoadedEditorAssemblies (1ms)
				RefreshPlugins (1ms)
				BeforeProcessingInitializeOnLoad (77ms)
				ProcessInitializeOnLoadAttributes (426ms)
				ProcessInitializeOnLoadMethodAttributes (10ms)
				AfterProcessingInitializeOnLoad (10ms)
				EditorAssembliesLoaded (0ms)
			ExecutionOrderSort2 (0ms)
			AwakeInstancesAfterBackupRestoration (12ms)
Platform modules already initialized, skipping
Refreshing native plugins compatible for Editor in 0.50 ms, found 3 plugins.
Preloading 0 native plugins for Editor in 0.00 ms.
Unloading 2100 Unused Serialized files (Serialized files now loaded: 0)
System memory in use before: 96.2 MB.
System memory in use after: 96.3 MB.

Unloading 16 unused Assets to reduce memory usage. Loaded Objects now: 2600.
Total: 22.679600 ms (FindLiveObjects: 0.220500 ms CreateObjectMapping: 0.080800 ms MarkObjects: 3.075800 ms  DeleteObjects: 19.301200 ms)

AssetImportParameters requested are different than current active one (requested -> active):
  custom:framework-win-MediaFoundation: 216162199b28c13a410421893ffa2e32 -> 
  custom:video-decoder-ogg-theora: a1e56fd34408186e4bbccfd4996cb3dc -> 
  custom:container-muxer-webm: aa71ff27fc2769a1b78a27578f13a17b -> 
  custom:container-demuxer-webm: 4f35f7cbe854078d1ac9338744f61a02 -> 
  custom:container-demuxer-ogg: 62fdf1f143b41e24485cea50d1cbac27 -> 
  custom:video-encoder-webm-vp8: eb34c28f22e8b96e1ab97ce403110664 -> 
  custom:video-decoder-webm-vp8: 9c59270c3fd7afecdb556c50c9e8de78 -> 
  custom:audio-decoder-ogg-vorbis: bf7c407c2cedff20999df2af8eb42d56 -> 
  custom:audio-encoder-webm-vorbis: bf7c407c2cedff20999df2af8eb42d56 -> 
========================================================================
Received Import Request.
  Time since last request: 911.359579 seconds.
  path: Assets/SFX/hover.mp3
  artifactKey: Guid(e880a346b87aec94c84dd926460d0fa8) Importer(815301076,1909f56bfc062723c751e8b465ee728b)
Start importing Assets/SFX/hover.mp3 using Guid(e880a346b87aec94c84dd926460d0fa8) Importer(815301076,1909f56bfc062723c751e8b465ee728b)  -> (artifact id: '4ce42f4ebffb3bc73466e09ebc6a7211') in 4.957086 seconds 
========================================================================
Received Import Request.
  Time since last request: 0.015798 seconds.
  path: Assets/SFX/btn.mp3
  artifactKey: Guid(fffac6cf9d08ce44aa6cf27c0ae3f984) Importer(815301076,1909f56bfc062723c751e8b465ee728b)
Start importing Assets/SFX/btn.mp3 using Guid(fffac6cf9d08ce44aa6cf27c0ae3f984) Importer(815301076,1909f56bfc062723c751e8b465ee728b)  -> (artifact id: '0c4fe1239a841caf27d6752de2184873') in 0.360838 seconds 
========================================================================
Received Import Request.
  Time since last request: 0.502535 seconds.
  path: Assets/Scenes/Scene2.unity
  artifactKey: Guid(f6b03e746af963145bd32428f9701065) Importer(815301076,1909f56bfc062723c751e8b465ee728b)
Start importing Assets/Scenes/Scene2.unity using Guid(f6b03e746af963145bd32428f9701065) Importer(815301076,1909f56bfc062723c751e8b465ee728b)  -> (artifact id: 'f6c70f381c29a6fec0ebd8f0e7f8c21a') in 0.142953 seconds 
========================================================================
Received Import Request.
  Time since last request: 2.065760 seconds.
  path: Assets/Scenes/Menu.unity
  artifactKey: Guid(3914135ce0a041e428b524db4067c592) Importer(815301076,1909f56bfc062723c751e8b465ee728b)
Start importing Assets/Scenes/Menu.unity using Guid(3914135ce0a041e428b524db4067c592) Importer(815301076,1909f56bfc062723c751e8b465ee728b)  -> (artifact id: '296dca18652a96aa521bdcdb77e719cf') in 0.045818 seconds 
========================================================================
Received Import Request.
  Time since last request: 65.720979 seconds.
  path: Assets/Scripts/MainMenu.cs
  artifactKey: Guid(cd78db7f831d02341be458cef7ef9dcd) Importer(815301076,1909f56bfc062723c751e8b465ee728b)
Start importing Assets/Scripts/MainMenu.cs using Guid(cd78db7f831d02341be458cef7ef9dcd) Importer(815301076,1909f56bfc062723c751e8b465ee728b)  -> (artifact id: 'cbb67232f8e697de80f965e266ce661c') in 0.010419 seconds 
========================================================================
Received Prepare
Registering precompiled user dll's ...
Registered in 0.067075 seconds.
Begin MonoManager ReloadAssembly
Native extension for WindowsStandalone target not found
Refreshing native plugins compatible for Editor in 0.47 ms, found 3 plugins.
Preloading 0 native plugins for Editor in 0.00 ms.
Mono: successfully reloaded assembly
- Completed reload, in  1.521 seconds
Domain Reload Profiling:
	ReloadAssembly (1522ms)
		BeginReloadAssembly (204ms)
			ExecutionOrderSort (0ms)
			DisableScriptedObjects (12ms)
			BackupInstance (0ms)
			ReleaseScriptingObjects (0ms)
			CreateAndSetChildDomain (77ms)
		EndReloadAssembly (1235ms)
			LoadAssemblies (181ms)
			RebuildTransferFunctionScriptingTraits (0ms)
			SetupTypeCache (424ms)
			ReleaseScriptCaches (1ms)
			RebuildScriptCaches (55ms)
			SetupLoadedEditorAssemblies (430ms)
				LogAssemblyErrors (0ms)
				InitializePlatformSupportModulesInManaged (6ms)
				SetLoadedEditorAssemblies (1ms)
				RefreshPlugins (1ms)
				BeforeProcessingInitializeOnLoad (97ms)
				ProcessInitializeOnLoadAttributes (307ms)
				ProcessInitializeOnLoadMethodAttributes (11ms)
				AfterProcessingInitializeOnLoad (8ms)
				EditorAssembliesLoaded (0ms)
			ExecutionOrderSort2 (0ms)
			AwakeInstancesAfterBackupRestoration (13ms)
Platform modules already initialized, skipping
Refreshing native plugins compatible for Editor in 0.61 ms, found 3 plugins.
Preloading 0 native plugins for Editor in 0.00 ms.
Unloading 2100 Unused Serialized files (Serialized files now loaded: 0)
System memory in use before: 99.9 MB.
System memory in use after: 100.0 MB.

Unloading 16 unused Assets to reduce memory usage. Loaded Objects now: 2613.
Total: 3.448400 ms (FindLiveObjects: 0.308000 ms CreateObjectMapping: 0.075100 ms MarkObjects: 3.037100 ms  DeleteObjects: 0.026900 ms)

AssetImportParameters requested are different than current active one (requested -> active):
  custom:framework-win-MediaFoundation: 216162199b28c13a410421893ffa2e32 -> 
  custom:video-decoder-ogg-theora: a1e56fd34408186e4bbccfd4996cb3dc -> 
  custom:container-muxer-webm: aa71ff27fc2769a1b78a27578f13a17b -> 
  custom:container-demuxer-webm: 4f35f7cbe854078d1ac9338744f61a02 -> 
  custom:container-demuxer-ogg: 62fdf1f143b41e24485cea50d1cbac27 -> 
  custom:video-encoder-webm-vp8: eb34c28f22e8b96e1ab97ce403110664 -> 
  custom:video-decoder-webm-vp8: 9c59270c3fd7afecdb556c50c9e8de78 -> 
  custom:audio-decoder-ogg-vorbis: bf7c407c2cedff20999df2af8eb42d56 -> 
  custom:audio-encoder-webm-vorbis: bf7c407c2cedff20999df2af8eb42d56 -> 
========================================================================
Received Import Request.
  Time since last request: 254.584788 seconds.
  path: Assets/SFX
  artifactKey: Guid(1b059a7c51b3a584a8202ba991cfa9a2) Importer(815301076,1909f56bfc062723c751e8b465ee728b)
Start importing Assets/SFX using Guid(1b059a7c51b3a584a8202ba991cfa9a2) Importer(815301076,1909f56bfc062723c751e8b465ee728b)  -> (artifact id: '3d8e9503acd9060b4c89876055664b58') in 0.058061 seconds 
========================================================================
Received Import Request.
  Time since last request: 69.507188 seconds.
  path: Assets/Scenes/SampleScene.unity
  artifactKey: Guid(2cda990e2423bbf4892e6590ba056729) Importer(815301076,1909f56bfc062723c751e8b465ee728b)
Start importing Assets/Scenes/SampleScene.unity using Guid(2cda990e2423bbf4892e6590ba056729) Importer(815301076,1909f56bfc062723c751e8b465ee728b)  -> (artifact id: '62a288ae2fd64f48a3392d5acc5b39f0') in 0.042097 seconds 
========================================================================
Received Import Request.
  Time since last request: 36.440444 seconds.
  path: Assets/sprites/damakos/damakos_falando.png
  artifactKey: Guid(dd5cf158761a3a140b650c702913d426) Importer(815301076,1909f56bfc062723c751e8b465ee728b)
Start importing Assets/sprites/damakos/damakos_falando.png using Guid(dd5cf158761a3a140b650c702913d426) Importer(815301076,1909f56bfc062723c751e8b465ee728b)  -> (artifact id: '5bcdaf7a9543f217a25ffc211887260e') in 0.550642 seconds 
========================================================================
Received Import Request.
  Time since last request: 9.810458 seconds.
  path: Assets/sprites
  artifactKey: Guid(bcda8bebfb329524485eadf6a766c201) Importer(815301076,1909f56bfc062723c751e8b465ee728b)
Start importing Assets/sprites using Guid(bcda8bebfb329524485eadf6a766c201) Importer(815301076,1909f56bfc062723c751e8b465ee728b)  -> (artifact id: '87ad813776aafc4b31ae3b60027e1726') in 0.032958 seconds 
========================================================================
Received Import Request.
  Time since last request: 1.566484 seconds.
  path: Assets/sprites/damakos
  artifactKey: Guid(50e590cf53d6d434482bd554a3a2e7a6) Importer(815301076,1909f56bfc062723c751e8b465ee728b)
Start importing Assets/sprites/damakos using Guid(50e590cf53d6d434482bd554a3a2e7a6) Importer(815301076,1909f56bfc062723c751e8b465ee728b)  -> (artifact id: 'f482463f4948a48fa2eac51243680a87') in 0.019507 seconds 
========================================================================
Received Import Request.
  Time since last request: 5.150653 seconds.
  path: Assets/sprites/Figurantes
  artifactKey: Guid(1e28a00429d3c264fa2100ee94ac4f7d) Importer(815301076,1909f56bfc062723c751e8b465ee728b)
Start importing Assets/sprites/Figurantes using Guid(1e28a00429d3c264fa2100ee94ac4f7d) Importer(815301076,1909f56bfc062723c751e8b465ee728b)  -> (artifact id: '5b7e1bdf973d0533b2246c04ba699e3e') in 0.031902 seconds 
========================================================================
Received Import Request.
  Time since last request: 12.403078 seconds.
  path: Assets/sprites/Damakos2/Perfil/Damakos_Sério.png
  artifactKey: Guid(58d1cad43259be941a679632c104e949) Importer(815301076,1909f56bfc062723c751e8b465ee728b)
Start importing Assets/sprites/Damakos2/Perfil/Damakos_Sério.png using Guid(58d1cad43259be941a679632c104e949) Importer(815301076,1909f56bfc062723c751e8b465ee728b)  -> (artifact id: '10a6edf627850e2e3fe028f4641990b6') in 0.076371 seconds 
========================================================================
Received Import Request.
  Time since last request: 1.893175 seconds.
  path: Assets/sprites/Damakos2/Perfil/Damakos_neutro.png
  artifactKey: Guid(e16d1ad80ae3a6c40939ff1b51100bfc) Importer(815301076,1909f56bfc062723c751e8b465ee728b)
Start importing Assets/sprites/Damakos2/Perfil/Damakos_neutro.png using Guid(e16d1ad80ae3a6c40939ff1b51100bfc) Importer(815301076,1909f56bfc062723c751e8b465ee728b)  -> (artifact id: 'f8cc58415ee51f254803dbc78f42ddcb') in 0.086646 seconds 
========================================================================
Received Import Request.
  Time since last request: 0.747544 seconds.
  path: Assets/sprites/Damakos2/Perfil/Damakos_Feliz.png
  artifactKey: Guid(954d0c593506d3446baa655a5d85c8b8) Importer(815301076,1909f56bfc062723c751e8b465ee728b)
Start importing Assets/sprites/Damakos2/Perfil/Damakos_Feliz.png using Guid(954d0c593506d3446baa655a5d85c8b8) Importer(815301076,1909f56bfc062723c751e8b465ee728b)  -> (artifact id: '8401afc0bbcdf969ad285fdb1bc35aa0') in 0.101508 seconds 
========================================================================
Received Import Request.
  Time since last request: 1.239609 seconds.
  path: Assets/sprites/Damakos2/Perfil/Damakos_Bravo.png
  artifactKey: Guid(d54cb0b26dd5dc2468e794fa73bb7907) Importer(815301076,1909f56bfc062723c751e8b465ee728b)
Start importing Assets/sprites/Damakos2/Perfil/Damakos_Bravo.png using Guid(d54cb0b26dd5dc2468e794fa73bb7907) Importer(815301076,1909f56bfc062723c751e8b465ee728b)  -> (artifact id: '6a4efcae579f9df6aff384e65088ede6') in 0.091310 seconds 
========================================================================
Received Import Request.
  Time since last request: 5.751629 seconds.
  path: Assets/sprites/Damakos2/Perfil/Damakos_Triste.png
  artifactKey: Guid(21d78a95c4f248c44b00282ea981e57a) Importer(815301076,1909f56bfc062723c751e8b465ee728b)
Start importing Assets/sprites/Damakos2/Perfil/Damakos_Triste.png using Guid(21d78a95c4f248c44b00282ea981e57a) Importer(815301076,1909f56bfc062723c751e8b465ee728b)  -> (artifact id: '91bae0f49e4a0a60e4132c3d55ebc718') in 0.050009 seconds 
========================================================================
Received Import Request.
  Time since last request: 1.584657 seconds.
  path: Assets/sprites/Damakos2/Perfil/Damakos_Triste_Choro.png
  artifactKey: Guid(7daf77a22a7a2b54aad3199f86a887ba) Importer(815301076,1909f56bfc062723c751e8b465ee728b)
Start importing Assets/sprites/Damakos2/Perfil/Damakos_Triste_Choro.png using Guid(7daf77a22a7a2b54aad3199f86a887ba) Importer(815301076,1909f56bfc062723c751e8b465ee728b)  -> (artifact id: '0b471a179f67dfa0d70799c6b3c35b1c') in 0.070745 seconds 
========================================================================
Received Import Request.
  Time since last request: 1.905782 seconds.
  path: Assets/sprites/Damakos2/Perfil/Damakos_Assustado.png
  artifactKey: Guid(4a0e8bff56aeb37459a1ee3936372094) Importer(815301076,1909f56bfc062723c751e8b465ee728b)
Start importing Assets/sprites/Damakos2/Perfil/Damakos_Assustado.png using Guid(4a0e8bff56aeb37459a1ee3936372094) Importer(815301076,1909f56bfc062723c751e8b465ee728b)  -> (artifact id: '6171a4bbf819be31e3ca9cc07fd52dad') in 0.037573 seconds 
========================================================================
Received Import Request.
  Time since last request: 2.446214 seconds.
  path: Assets/sprites/Damakos2/Perfil/Damakos_Bravo_Tilt.png
  artifactKey: Guid(ccbd2cc86eb2d3747b53ec278eedd3b3) Importer(815301076,1909f56bfc062723c751e8b465ee728b)
Start importing Assets/sprites/Damakos2/Perfil/Damakos_Bravo_Tilt.png using Guid(ccbd2cc86eb2d3747b53ec278eedd3b3) Importer(815301076,1909f56bfc062723c751e8b465ee728b)  -> (artifact id: 'd7b3ebc92687f116134bd5fe260932a6') in 0.024730 seconds 
========================================================================
Received Import Request.
  Time since last request: 11.292019 seconds.
  path: Assets/sprites/Hawa/Perfil/Hawa_Brava.png
  artifactKey: Guid(4843bf657b65b764fa72cd3e0e47139e) Importer(815301076,1909f56bfc062723c751e8b465ee728b)
Start importing Assets/sprites/Hawa/Perfil/Hawa_Brava.png using Guid(4843bf657b65b764fa72cd3e0e47139e) Importer(815301076,1909f56bfc062723c751e8b465ee728b)  -> (artifact id: 'ba5192825f22a5411c3a65071e32c98d') in 0.050986 seconds 
========================================================================
Received Import Request.
  Time since last request: 1.567748 seconds.
  path: Assets/sprites/Hawa/Perfil/Hawa_Brava_Fogo.png
  artifactKey: Guid(2c1169e5739b8b941b9666cab0ba4e21) Importer(815301076,1909f56bfc062723c751e8b465ee728b)
Start importing Assets/sprites/Hawa/Perfil/Hawa_Brava_Fogo.png using Guid(2c1169e5739b8b941b9666cab0ba4e21) Importer(815301076,1909f56bfc062723c751e8b465ee728b)  -> (artifact id: '398d4a3e6ef0828d271b18ad06cf23d3') in 0.049968 seconds 
========================================================================
Received Import Request.
  Time since last request: 1.570503 seconds.
  path: Assets/sprites/Hawa/Perfil/Hawa_Confusa.png
  artifactKey: Guid(2d0a6c7ab908d1249ae7f06d487655e2) Importer(815301076,1909f56bfc062723c751e8b465ee728b)
Start importing Assets/sprites/Hawa/Perfil/Hawa_Confusa.png using Guid(2d0a6c7ab908d1249ae7f06d487655e2) Importer(815301076,1909f56bfc062723c751e8b465ee728b)  -> (artifact id: 'a20d9cdcd1eb744f9e2d40ea5e00f09c') in 0.060847 seconds 
========================================================================
Received Import Request.
  Time since last request: 1.489608 seconds.
  path: Assets/sprites/Hawa/Perfil/Hawa_Decepcionada.png
  artifactKey: Guid(3671e287587e22f459a06ffd184d37ef) Importer(815301076,1909f56bfc062723c751e8b465ee728b)
Start importing Assets/sprites/Hawa/Perfil/Hawa_Decepcionada.png using Guid(3671e287587e22f459a06ffd184d37ef) Importer(815301076,1909f56bfc062723c751e8b465ee728b)  -> (artifact id: 'c62299db3e4a0a8a5c00982aea126d57') in 0.066885 seconds 
========================================================================
Received Import Request.
  Time since last request: 0.870574 seconds.
  path: Assets/sprites/Hawa/Perfil/Hawa_Esperta.png
  artifactKey: Guid(14f274795e9364f4ba274f1dd561bd49) Importer(815301076,1909f56bfc062723c751e8b465ee728b)
Start importing Assets/sprites/Hawa/Perfil/Hawa_Esperta.png using Guid(14f274795e9364f4ba274f1dd561bd49) Importer(815301076,1909f56bfc062723c751e8b465ee728b)  -> (artifact id: '4dc1536b2223dd0ea35048ef6ae7c87a') in 0.075569 seconds 
========================================================================
Received Import Request.
  Time since last request: 0.606710 seconds.
  path: Assets/sprites/Hawa/Perfil/Hawa_Feliz.png
  artifactKey: Guid(703c7264d1f6324448e0d2517746239f) Importer(815301076,1909f56bfc062723c751e8b465ee728b)
Start importing Assets/sprites/Hawa/Perfil/Hawa_Feliz.png using Guid(703c7264d1f6324448e0d2517746239f) Importer(815301076,1909f56bfc062723c751e8b465ee728b)  -> (artifact id: '6ef113cb9031761d94cdc80b8b911f63') in 0.048467 seconds 
========================================================================
Received Import Request.
  Time since last request: 0.845841 seconds.
  path: Assets/sprites/Hawa/Perfil/Hawa_Neutra.png
  artifactKey: Guid(3b6b32cc99b85864486399be691f5c59) Importer(815301076,1909f56bfc062723c751e8b465ee728b)
Start importing Assets/sprites/Hawa/Perfil/Hawa_Neutra.png using Guid(3b6b32cc99b85864486399be691f5c59) Importer(815301076,1909f56bfc062723c751e8b465ee728b)  -> (artifact id: '7832aa1a76c0a53183adb18fd31f868b') in 0.079716 seconds 
========================================================================
Received Import Request.
  Time since last request: 1.019520 seconds.
  path: Assets/sprites/Hawa/Perfil/Hawa_Rindo.png
  artifactKey: Guid(08e0daa17a0fc9344a2006fa046da5b5) Importer(815301076,1909f56bfc062723c751e8b465ee728b)
Start importing Assets/sprites/Hawa/Perfil/Hawa_Rindo.png using Guid(08e0daa17a0fc9344a2006fa046da5b5) Importer(815301076,1909f56bfc062723c751e8b465ee728b)  -> (artifact id: '32aee291ab2c11394b8c9c914976d5aa') in 0.056644 seconds 
========================================================================
Received Import Request.
  Time since last request: 0.430502 seconds.
  path: Assets/sprites/Hawa/Perfil/Hawa_Séria.png
  artifactKey: Guid(9215bbdb9988d0c4c920f638663723f3) Importer(815301076,1909f56bfc062723c751e8b465ee728b)
Start importing Assets/sprites/Hawa/Perfil/Hawa_Séria.png using Guid(9215bbdb9988d0c4c920f638663723f3) Importer(815301076,1909f56bfc062723c751e8b465ee728b)  -> (artifact id: '97e750982cb9fc5cf9bdfa92936398b1') in 0.039236 seconds 
========================================================================
Received Import Request.
  Time since last request: 0.395100 seconds.
  path: Assets/sprites/Hawa/Perfil/Hawa_Triste.png
  artifactKey: Guid(3db55718495ac0e41b9687178f35a9f0) Importer(815301076,1909f56bfc062723c751e8b465ee728b)
Start importing Assets/sprites/Hawa/Perfil/Hawa_Triste.png using Guid(3db55718495ac0e41b9687178f35a9f0) Importer(815301076,1909f56bfc062723c751e8b465ee728b)  -> (artifact id: 'f68844738d35757efa3348af91bf2997') in 0.148891 seconds 
========================================================================
Received Import Request.
  Time since last request: 0.497992 seconds.
  path: Assets/sprites/Hawa/Perfil/Hawa_Triste_Chorando.png
  artifactKey: Guid(eeb9622607ba5bd458b7c329876565fc) Importer(815301076,1909f56bfc062723c751e8b465ee728b)
Start importing Assets/sprites/Hawa/Perfil/Hawa_Triste_Chorando.png using Guid(eeb9622607ba5bd458b7c329876565fc) Importer(815301076,1909f56bfc062723c751e8b465ee728b)  -> (artifact id: 'd499755a02e9abaf9e51c71801160e16') in 0.048760 seconds 
========================================================================
Received Import Request.
  Time since last request: 4.196653 seconds.
  path: Assets/sprites/not
  artifactKey: Guid(b2ad3e39e0ea44241b58545c772d49b5) Importer(815301076,1909f56bfc062723c751e8b465ee728b)
Start importing Assets/sprites/not using Guid(b2ad3e39e0ea44241b58545c772d49b5) Importer(815301076,1909f56bfc062723c751e8b465ee728b)  -> (artifact id: 'b54c9f464d416c46895eade67e740341') in 0.015048 seconds 
========================================================================
Received Import Request.
  Time since last request: 2.410327 seconds.
  path: Assets/sprites/not/Perfil
  artifactKey: Guid(e8e40e494c8dde24f8906ee3755d4ae1) Importer(815301076,1909f56bfc062723c751e8b465ee728b)
Start importing Assets/sprites/not/Perfil using Guid(e8e40e494c8dde24f8906ee3755d4ae1) Importer(815301076,1909f56bfc062723c751e8b465ee728b)  -> (artifact id: 'c2f329d1a0a906e0a327e7feb0dd71f3') in 0.042606 seconds 
========================================================================
Received Import Request.
  Time since last request: 0.572988 seconds.
  path: Assets/sprites/not/Perfil/Not_perfil_1.png
  artifactKey: Guid(2a37e2c20c9d55747900fa23137d8bc4) Importer(815301076,1909f56bfc062723c751e8b465ee728b)
Start importing Assets/sprites/not/Perfil/Not_perfil_1.png using Guid(2a37e2c20c9d55747900fa23137d8bc4) Importer(815301076,1909f56bfc062723c751e8b465ee728b)  -> (artifact id: '1f42a0114564ff8843f1cc73ecd54512') in 0.060540 seconds 
========================================================================
Received Prepare
Registering precompiled user dll's ...
Registered in 0.021777 seconds.
Begin MonoManager ReloadAssembly
Native extension for WindowsStandalone target not found
Refreshing native plugins compatible for Editor in 0.63 ms, found 3 plugins.
Preloading 0 native plugins for Editor in 0.00 ms.
Mono: successfully reloaded assembly
- Completed reload, in  1.853 seconds
Domain Reload Profiling:
	ReloadAssembly (1853ms)
		BeginReloadAssembly (144ms)
			ExecutionOrderSort (0ms)
			DisableScriptedObjects (6ms)
			BackupInstance (0ms)
			ReleaseScriptingObjects (0ms)
			CreateAndSetChildDomain (42ms)
		EndReloadAssembly (1589ms)
			LoadAssemblies (180ms)
			RebuildTransferFunctionScriptingTraits (0ms)
			SetupTypeCache (742ms)
			ReleaseScriptCaches (1ms)
			RebuildScriptCaches (100ms)
			SetupLoadedEditorAssemblies (372ms)
				LogAssemblyErrors (0ms)
				InitializePlatformSupportModulesInManaged (6ms)
				SetLoadedEditorAssemblies (0ms)
				RefreshPlugins (1ms)
				BeforeProcessingInitializeOnLoad (73ms)
				ProcessInitializeOnLoadAttributes (273ms)
				ProcessInitializeOnLoadMethodAttributes (11ms)
				AfterProcessingInitializeOnLoad (7ms)
				EditorAssembliesLoaded (0ms)
			ExecutionOrderSort2 (0ms)
			AwakeInstancesAfterBackupRestoration (23ms)
Platform modules already initialized, skipping
Refreshing native plugins compatible for Editor in 0.47 ms, found 3 plugins.
Preloading 0 native plugins for Editor in 0.00 ms.
Unloading 2121 Unused Serialized files (Serialized files now loaded: 0)
System memory in use before: 109.3 MB.
System memory in use after: 109.5 MB.

Unloading 16 unused Assets to reduce memory usage. Loaded Objects now: 2939.
Total: 3.242600 ms (FindLiveObjects: 0.248300 ms CreateObjectMapping: 0.096700 ms MarkObjects: 2.873000 ms  DeleteObjects: 0.023400 ms)

AssetImportParameters requested are different than current active one (requested -> active):
  custom:framework-win-MediaFoundation: 216162199b28c13a410421893ffa2e32 -> 
  custom:video-decoder-ogg-theora: a1e56fd34408186e4bbccfd4996cb3dc -> 
  custom:container-muxer-webm: aa71ff27fc2769a1b78a27578f13a17b -> 
  custom:container-demuxer-webm: 4f35f7cbe854078d1ac9338744f61a02 -> 
  custom:container-demuxer-ogg: 62fdf1f143b41e24485cea50d1cbac27 -> 
  custom:video-encoder-webm-vp8: eb34c28f22e8b96e1ab97ce403110664 -> 
  custom:video-decoder-webm-vp8: 9c59270c3fd7afecdb556c50c9e8de78 -> 
  custom:audio-decoder-ogg-vorbis: bf7c407c2cedff20999df2af8eb42d56 -> 
  custom:audio-encoder-webm-vorbis: bf7c407c2cedff20999df2af8eb42d56 -> 
========================================================================
Received Prepare
Registering precompiled user dll's ...
Registered in 0.005045 seconds.
Begin MonoManager ReloadAssembly
Native extension for WindowsStandalone target not found
Refreshing native plugins compatible for Editor in 0.47 ms, found 3 plugins.
Preloading 0 native plugins for Editor in 0.00 ms.
Mono: successfully reloaded assembly
- Completed reload, in  1.514 seconds
Domain Reload Profiling:
	ReloadAssembly (1514ms)
		BeginReloadAssembly (198ms)
			ExecutionOrderSort (0ms)
			DisableScriptedObjects (18ms)
			BackupInstance (0ms)
			ReleaseScriptingObjects (0ms)
			CreateAndSetChildDomain (66ms)
		EndReloadAssembly (1176ms)
			LoadAssemblies (303ms)
			RebuildTransferFunctionScriptingTraits (0ms)
			SetupTypeCache (355ms)
			ReleaseScriptCaches (1ms)
			RebuildScriptCaches (52ms)
			SetupLoadedEditorAssemblies (315ms)
				LogAssemblyErrors (0ms)
				InitializePlatformSupportModulesInManaged (5ms)
				SetLoadedEditorAssemblies (0ms)
				RefreshPlugins (1ms)
				BeforeProcessingInitializeOnLoad (60ms)
				ProcessInitializeOnLoadAttributes (231ms)
				ProcessInitializeOnLoadMethodAttributes (11ms)
				AfterProcessingInitializeOnLoad (8ms)
				EditorAssembliesLoaded (0ms)
			ExecutionOrderSort2 (0ms)
			AwakeInstancesAfterBackupRestoration (39ms)
Platform modules already initialized, skipping
Refreshing native plugins compatible for Editor in 0.48 ms, found 3 plugins.
Preloading 0 native plugins for Editor in 0.00 ms.
Unloading 2100 Unused Serialized files (Serialized files now loaded: 0)
System memory in use before: 108.5 MB.
System memory in use after: 108.7 MB.

Unloading 16 unused Assets to reduce memory usage. Loaded Objects now: 2943.
Total: 3.338800 ms (FindLiveObjects: 0.240100 ms CreateObjectMapping: 0.092100 ms MarkObjects: 2.950300 ms  DeleteObjects: 0.055300 ms)

AssetImportParameters requested are different than current active one (requested -> active):
  custom:framework-win-MediaFoundation: 216162199b28c13a410421893ffa2e32 -> 
  custom:video-decoder-ogg-theora: a1e56fd34408186e4bbccfd4996cb3dc -> 
  custom:container-muxer-webm: aa71ff27fc2769a1b78a27578f13a17b -> 
  custom:container-demuxer-webm: 4f35f7cbe854078d1ac9338744f61a02 -> 
  custom:container-demuxer-ogg: 62fdf1f143b41e24485cea50d1cbac27 -> 
  custom:video-encoder-webm-vp8: eb34c28f22e8b96e1ab97ce403110664 -> 
  custom:video-decoder-webm-vp8: 9c59270c3fd7afecdb556c50c9e8de78 -> 
  custom:audio-decoder-ogg-vorbis: bf7c407c2cedff20999df2af8eb42d56 -> 
  custom:audio-encoder-webm-vorbis: bf7c407c2cedff20999df2af8eb42d56 -> 
AssetImportWorkerClient::OnTransportError - code=2 error=End of file
