Using pre-set license
Built from '2021.1/release' branch; Version is '2021.1.16f1 (5fa502fca597) revision 6268162'; Using compiler version '192528614'; Build Type 'Release'
OS: 'Windows 10 Home Single Language; OS build 19042.1165; Version 2009; 64bit' Language: 'pt' Physical Memory: 3973 MB
BatchMode: 1, IsHumanControllingUs: 0, StartBugReporterOnCrash: 0, Is64bit: 1, IsPro: 0

 COMMAND LINE ARGUMENTS:
C:\Program Files\Unity\Hub\Editor\2021.1.16f1\Editor\Unity.exe
-adb2
-batchMode
-noUpm
-name
AssetImportWorker5
-projectPath
C:/Users/Acer/Desktop/goodevil_unity_ver/v24/GoodEvil-SegundoTrimestre/GoodEvil-ProjetoIntegrado
-logFile
Logs/AssetImportWorker5.log
-srvPort
56463
Successfully changed project path to: C:/Users/Acer/Desktop/goodevil_unity_ver/v24/GoodEvil-SegundoTrimestre/GoodEvil-ProjetoIntegrado
C:/Users/Acer/Desktop/goodevil_unity_ver/v24/GoodEvil-SegundoTrimestre/GoodEvil-ProjetoIntegrado
Using Asset Import Pipeline V2.
Refreshing native plugins compatible for Editor in 49.17 ms, found 3 plugins.
Preloading 0 native plugins for Editor in 0.00 ms.
Initialize engine version: 2021.1.16f1 (5fa502fca597)
[Subsystems] Discovering subsystems at path C:/Program Files/Unity/Hub/Editor/2021.1.16f1/Editor/Data/Resources/UnitySubsystems
[Subsystems] Discovering subsystems at path C:/Users/Acer/Desktop/goodevil_unity_ver/v24/GoodEvil-SegundoTrimestre/GoodEvil-ProjetoIntegrado/Assets
GfxDevice: creating device client; threaded=0; jobified=0
Direct3D:
    Version:  Direct3D 11.0 [level 11.1]
    Renderer: Intel(R) UHD Graphics 620 (ID=0x5917)
    Vendor:   Intel
    VRAM:     1986 MB
    Driver:   25.20.100.6615
Initialize mono
Mono path[0] = 'C:/Program Files/Unity/Hub/Editor/2021.1.16f1/Editor/Data/Managed'
Mono path[1] = 'C:/Program Files/Unity/Hub/Editor/2021.1.16f1/Editor/Data/MonoBleedingEdge/lib/mono/unityjit'
Mono config path = 'C:/Program Files/Unity/Hub/Editor/2021.1.16f1/Editor/Data/MonoBleedingEdge/etc'
Using monoOptions --debugger-agent=transport=dt_socket,embedding=1,server=y,suspend=n,address=127.0.0.1:56188
Begin MonoManager ReloadAssembly
Registering precompiled unity dll's ...
Register platform support module: C:/Program Files/Unity/Hub/Editor/2021.1.16f1/Editor/Data/PlaybackEngines/WindowsStandaloneSupport/UnityEditor.WindowsStandalone.Extensions.dll
Registered in 0.002189 seconds.
Native extension for WindowsStandalone target not found
Refreshing native plugins compatible for Editor in 61.92 ms, found 3 plugins.
Preloading 0 native plugins for Editor in 0.00 ms.
Mono: successfully reloaded assembly
- Completed reload, in  1.593 seconds
Domain Reload Profiling:
	ReloadAssembly (1594ms)
		BeginReloadAssembly (150ms)
			ExecutionOrderSort (0ms)
			DisableScriptedObjects (0ms)
			BackupInstance (0ms)
			ReleaseScriptingObjects (0ms)
			CreateAndSetChildDomain (1ms)
		EndReloadAssembly (609ms)
			LoadAssemblies (147ms)
			RebuildTransferFunctionScriptingTraits (0ms)
			SetupTypeCache (258ms)
			ReleaseScriptCaches (0ms)
			RebuildScriptCaches (39ms)
			SetupLoadedEditorAssemblies (252ms)
				LogAssemblyErrors (0ms)
				InitializePlatformSupportModulesInManaged (8ms)
				SetLoadedEditorAssemblies (0ms)
				RefreshPlugins (62ms)
				BeforeProcessingInitializeOnLoad (2ms)
				ProcessInitializeOnLoadAttributes (145ms)
				ProcessInitializeOnLoadMethodAttributes (35ms)
				AfterProcessingInitializeOnLoad (0ms)
				EditorAssembliesLoaded (0ms)
			ExecutionOrderSort2 (0ms)
			AwakeInstancesAfterBackupRestoration (0ms)
Platform modules already initialized, skipping
Registering precompiled user dll's ...
Registered in 0.005066 seconds.
Begin MonoManager ReloadAssembly
Native extension for WindowsStandalone target not found
Refreshing native plugins compatible for Editor in 64.84 ms, found 3 plugins.
Preloading 0 native plugins for Editor in 0.00 ms.
Mono: successfully reloaded assembly
- Completed reload, in  4.906 seconds
Domain Reload Profiling:
	ReloadAssembly (4921ms)
		BeginReloadAssembly (699ms)
			ExecutionOrderSort (0ms)
			DisableScriptedObjects (5ms)
			BackupInstance (0ms)
			ReleaseScriptingObjects (0ms)
			CreateAndSetChildDomain (281ms)
		EndReloadAssembly (4025ms)
			LoadAssemblies (2545ms)
			RebuildTransferFunctionScriptingTraits (98ms)
			SetupTypeCache (398ms)
			ReleaseScriptCaches (1ms)
			RebuildScriptCaches (73ms)
			SetupLoadedEditorAssemblies (864ms)
				LogAssemblyErrors (0ms)
				InitializePlatformSupportModulesInManaged (35ms)
				SetLoadedEditorAssemblies (0ms)
				RefreshPlugins (65ms)
				BeforeProcessingInitializeOnLoad (99ms)
				ProcessInitializeOnLoadAttributes (624ms)
				ProcessInitializeOnLoadMethodAttributes (33ms)
				AfterProcessingInitializeOnLoad (8ms)
				EditorAssembliesLoaded (0ms)
			ExecutionOrderSort2 (0ms)
			AwakeInstancesAfterBackupRestoration (8ms)
Platform modules already initialized, skipping
========================================================================
Worker process is ready to serve import requests
Launched and connected shader compiler UnityShaderCompiler.exe after 1.24 seconds
Refreshing native plugins compatible for Editor in 0.53 ms, found 3 plugins.
Preloading 0 native plugins for Editor in 0.00 ms.
Unloading 2140 Unused Serialized files (Serialized files now loaded: 0)
System memory in use before: 98.4 MB.
System memory in use after: 98.5 MB.

Unloading 28 unused Assets to reduce memory usage. Loaded Objects now: 2593.
Total: 84.127700 ms (FindLiveObjects: 0.265400 ms CreateObjectMapping: 0.086200 ms MarkObjects: 83.518300 ms  DeleteObjects: 0.252400 ms)

AssetImportParameters requested are different than current active one (requested -> active):
  custom:framework-win-MediaFoundation: 216162199b28c13a410421893ffa2e32 -> 
  custom:video-decoder-ogg-theora: a1e56fd34408186e4bbccfd4996cb3dc -> 
  custom:container-muxer-webm: aa71ff27fc2769a1b78a27578f13a17b -> 
  custom:container-demuxer-webm: 4f35f7cbe854078d1ac9338744f61a02 -> 
  custom:container-demuxer-ogg: 62fdf1f143b41e24485cea50d1cbac27 -> 
  custom:video-encoder-webm-vp8: eb34c28f22e8b96e1ab97ce403110664 -> 
  custom:video-decoder-webm-vp8: 9c59270c3fd7afecdb556c50c9e8de78 -> 
  custom:audio-decoder-ogg-vorbis: bf7c407c2cedff20999df2af8eb42d56 -> 
  custom:audio-encoder-webm-vorbis: bf7c407c2cedff20999df2af8eb42d56 -> 
========================================================================
Received Import Request.
  path: Assets/sprites/Scenarios/dummy.png
  artifactKey: Guid(0e6ef266658bb504bad5ac0ab29daf47) Importer(815301076,1909f56bfc062723c751e8b465ee728b)
Start importing Assets/sprites/Scenarios/dummy.png using Guid(0e6ef266658bb504bad5ac0ab29daf47) Importer(815301076,1909f56bfc062723c751e8b465ee728b)  -> (artifact id: '5bb76512ba97d605fc773473285594c3') in 2.341108 seconds 
========================================================================
Received Import Request.
  Time since last request: 32.948895 seconds.
  path: Assets/timeline
  artifactKey: Guid(4073c885b958d0c47a236a955914179a) Importer(815301076,1909f56bfc062723c751e8b465ee728b)
Start importing Assets/timeline using Guid(4073c885b958d0c47a236a955914179a) Importer(815301076,1909f56bfc062723c751e8b465ee728b)  -> (artifact id: 'a03dce6b06f539db0964b1f39dda4704') in 0.026017 seconds 
========================================================================
Received Import Request.
  Time since last request: 151.904576 seconds.
  path: Assets/timeline/Scene Joa'quin.playable
  artifactKey: Guid(88a9333cdcd5e10479470fc6e5d9a8fe) Importer(815301076,1909f56bfc062723c751e8b465ee728b)
Start importing Assets/timeline/Scene Joa'quin.playable using Guid(88a9333cdcd5e10479470fc6e5d9a8fe) Importer(815301076,1909f56bfc062723c751e8b465ee728b)  -> (artifact id: '901884e7909e2b988370efb5730090e4') in 0.145273 seconds 
========================================================================
Received Import Request.
  Time since last request: 21.059938 seconds.
  path: Assets/timeline/Scene Joacquin.playable
  artifactKey: Guid(88a9333cdcd5e10479470fc6e5d9a8fe) Importer(815301076,1909f56bfc062723c751e8b465ee728b)
Start importing Assets/timeline/Scene Joacquin.playable using Guid(88a9333cdcd5e10479470fc6e5d9a8fe) Importer(815301076,1909f56bfc062723c751e8b465ee728b)  -> (artifact id: '9eaa62bff51a99f234ffffb00a19af2c') in 0.022802 seconds 
========================================================================
Received Import Request.
  Time since last request: 74.192634 seconds.
  path: Assets/Prefabs/Damakos.prefab
  artifactKey: Guid(df679f27733e6834caaead571588940c) Importer(815301076,1909f56bfc062723c751e8b465ee728b)
Start importing Assets/Prefabs/Damakos.prefab using Guid(df679f27733e6834caaead571588940c) Importer(815301076,1909f56bfc062723c751e8b465ee728b)  -> (artifact id: 'efd3df314cadf026f1cdca07bdc54590') in 3.189225 seconds 
========================================================================
Received Prepare
Registering precompiled user dll's ...
Registered in 0.159899 seconds.
Begin MonoManager ReloadAssembly
Native extension for WindowsStandalone target not found
Refreshing native plugins compatible for Editor in 0.97 ms, found 3 plugins.
Preloading 0 native plugins for Editor in 0.00 ms.
Mono: successfully reloaded assembly
- Completed reload, in  2.240 seconds
Domain Reload Profiling:
	ReloadAssembly (2240ms)
		BeginReloadAssembly (167ms)
			ExecutionOrderSort (0ms)
			DisableScriptedObjects (7ms)
			BackupInstance (0ms)
			ReleaseScriptingObjects (0ms)
			CreateAndSetChildDomain (45ms)
		EndReloadAssembly (1981ms)
			LoadAssemblies (188ms)
			RebuildTransferFunctionScriptingTraits (0ms)
			SetupTypeCache (536ms)
			ReleaseScriptCaches (2ms)
			RebuildScriptCaches (86ms)
			SetupLoadedEditorAssemblies (914ms)
				LogAssemblyErrors (0ms)
				InitializePlatformSupportModulesInManaged (8ms)
				SetLoadedEditorAssemblies (1ms)
				RefreshPlugins (1ms)
				BeforeProcessingInitializeOnLoad (104ms)
				ProcessInitializeOnLoadAttributes (780ms)
				ProcessInitializeOnLoadMethodAttributes (13ms)
				AfterProcessingInitializeOnLoad (8ms)
				EditorAssembliesLoaded (0ms)
			ExecutionOrderSort2 (0ms)
			AwakeInstancesAfterBackupRestoration (21ms)
Platform modules already initialized, skipping
Refreshing native plugins compatible for Editor in 0.55 ms, found 3 plugins.
Preloading 0 native plugins for Editor in 0.00 ms.
Unloading 2118 Unused Serialized files (Serialized files now loaded: 0)
System memory in use before: 100.7 MB.
System memory in use after: 100.8 MB.

Unloading 16 unused Assets to reduce memory usage. Loaded Objects now: 2622.
Total: 4.006600 ms (FindLiveObjects: 0.229400 ms CreateObjectMapping: 0.077800 ms MarkObjects: 3.670900 ms  DeleteObjects: 0.027400 ms)

AssetImportParameters requested are different than current active one (requested -> active):
  custom:framework-win-MediaFoundation: 216162199b28c13a410421893ffa2e32 -> 
  custom:video-decoder-ogg-theora: a1e56fd34408186e4bbccfd4996cb3dc -> 
  custom:container-muxer-webm: aa71ff27fc2769a1b78a27578f13a17b -> 
  custom:container-demuxer-webm: 4f35f7cbe854078d1ac9338744f61a02 -> 
  custom:container-demuxer-ogg: 62fdf1f143b41e24485cea50d1cbac27 -> 
  custom:video-encoder-webm-vp8: eb34c28f22e8b96e1ab97ce403110664 -> 
  custom:video-decoder-webm-vp8: 9c59270c3fd7afecdb556c50c9e8de78 -> 
  custom:audio-decoder-ogg-vorbis: bf7c407c2cedff20999df2af8eb42d56 -> 
  custom:audio-encoder-webm-vorbis: bf7c407c2cedff20999df2af8eb42d56 -> 
========================================================================
Received Import Request.
  Time since last request: 127.679823 seconds.
  path: Assets/sprites/Joacquin/perfil/Joaquim_Bravo_Tilt.png
  artifactKey: Guid(768a8edec5307364c93d8b2d507db406) Importer(815301076,1909f56bfc062723c751e8b465ee728b)
Start importing Assets/sprites/Joacquin/perfil/Joaquim_Bravo_Tilt.png using Guid(768a8edec5307364c93d8b2d507db406) Importer(815301076,1909f56bfc062723c751e8b465ee728b)  -> (artifact id: '421c5b9c13d47d6e5332542bdc077643') in 0.056395 seconds 
========================================================================
Received Import Request.
  Time since last request: 0.000325 seconds.
  path: Assets/sprites/Joacquin/perfil/Joaquim_Sério.png
  artifactKey: Guid(b7b71d8ea23e13046ad18cee11e76344) Importer(815301076,1909f56bfc062723c751e8b465ee728b)
Start importing Assets/sprites/Joacquin/perfil/Joaquim_Sério.png using Guid(b7b71d8ea23e13046ad18cee11e76344) Importer(815301076,1909f56bfc062723c751e8b465ee728b)  -> (artifact id: '88651ac5944e4d4077322ae8dd0e407a') in 0.062698 seconds 
========================================================================
Received Import Request.
  Time since last request: 0.000326 seconds.
  path: Assets/sprites/Joacquin/perfil/Joaquim_Bravo.png
  artifactKey: Guid(1911fe810fbb1144497a67f18ecb1b2a) Importer(815301076,1909f56bfc062723c751e8b465ee728b)
Start importing Assets/sprites/Joacquin/perfil/Joaquim_Bravo.png using Guid(1911fe810fbb1144497a67f18ecb1b2a) Importer(815301076,1909f56bfc062723c751e8b465ee728b)  -> (artifact id: '7302a12e4f582e9c8c29b9584fc9b203') in 0.022319 seconds 
========================================================================
Received Import Request.
  Time since last request: 8.381162 seconds.
  path: Assets/sprites/Joacquin/perfil/Joaquim_Sério.png
  artifactKey: Guid(b7b71d8ea23e13046ad18cee11e76344) Importer(815301076,1909f56bfc062723c751e8b465ee728b)
Start importing Assets/sprites/Joacquin/perfil/Joaquim_Sério.png using Guid(b7b71d8ea23e13046ad18cee11e76344) Importer(815301076,1909f56bfc062723c751e8b465ee728b)  -> (artifact id: '1721d72589a3db1d93a8e4ab6ad131b4') in 0.021417 seconds 
========================================================================
Received Import Request.
  Time since last request: 9.750732 seconds.
  path: Assets/sprites/Joacquin/perfil/Joaquim_Confuso.png
  artifactKey: Guid(477a2cb1de54e08469cd79230b46fb6f) Importer(815301076,1909f56bfc062723c751e8b465ee728b)
Start importing Assets/sprites/Joacquin/perfil/Joaquim_Confuso.png using Guid(477a2cb1de54e08469cd79230b46fb6f) Importer(815301076,1909f56bfc062723c751e8b465ee728b)  -> (artifact id: '0f17d865540b53158cea5b57ebb05b41') in 0.024620 seconds 
========================================================================
Received Import Request.
  Time since last request: 0.725109 seconds.
  path: Assets/sprites/Joacquin/sprites/joacquin_atirando_fireball.png
  artifactKey: Guid(7ee12d7b5cd9c1f43ae6dae2ab0dfc22) Importer(815301076,1909f56bfc062723c751e8b465ee728b)
Start importing Assets/sprites/Joacquin/sprites/joacquin_atirando_fireball.png using Guid(7ee12d7b5cd9c1f43ae6dae2ab0dfc22) Importer(815301076,1909f56bfc062723c751e8b465ee728b)  -> (artifact id: '9a028900cd0386f6090593e953ad5306') in 0.042953 seconds 
========================================================================
Received Import Request.
  Time since last request: 2.454737 seconds.
  path: Assets/sprites/Joacquin/sprites/joacquin_big_fireball.png
  artifactKey: Guid(b130bd0d97c6f6a43a96a6c40b3a29cb) Importer(815301076,1909f56bfc062723c751e8b465ee728b)
Start importing Assets/sprites/Joacquin/sprites/joacquin_big_fireball.png using Guid(b130bd0d97c6f6a43a96a6c40b3a29cb) Importer(815301076,1909f56bfc062723c751e8b465ee728b)  -> (artifact id: '822f4c9195d9170c9d870b4d0336c008') in 0.032740 seconds 
========================================================================
Received Import Request.
  Time since last request: 1.068737 seconds.
  path: Assets/sprites/Joacquin/sprites/jacquin_atirando_big_fireball.png
  artifactKey: Guid(88fd79ff66ab1124da19ceb50be8b0d4) Importer(815301076,1909f56bfc062723c751e8b465ee728b)
Start importing Assets/sprites/Joacquin/sprites/jacquin_atirando_big_fireball.png using Guid(88fd79ff66ab1124da19ceb50be8b0d4) Importer(815301076,1909f56bfc062723c751e8b465ee728b)  -> (artifact id: '74ef97baba9643e6c5396110851ddb37') in 0.062545 seconds 
========================================================================
Received Import Request.
  Time since last request: 0.984191 seconds.
  path: Assets/sprites/Joacquin/sprites/joacquin_idle_semvassoura.png
  artifactKey: Guid(a5639c56fcaa95e4eade43c6377c2d77) Importer(815301076,1909f56bfc062723c751e8b465ee728b)
Start importing Assets/sprites/Joacquin/sprites/joacquin_idle_semvassoura.png using Guid(a5639c56fcaa95e4eade43c6377c2d77) Importer(815301076,1909f56bfc062723c751e8b465ee728b)  -> (artifact id: '4d393b8eadbdcc27ddf0f6bbf3f11871') in 0.020343 seconds 
========================================================================
Received Import Request.
  Time since last request: 16.590987 seconds.
  path: Assets/sprites/Joacquin/sprites/joacquin_idle_semvassoura.png
  artifactKey: Guid(a5639c56fcaa95e4eade43c6377c2d77) Importer(815301076,1909f56bfc062723c751e8b465ee728b)
Start importing Assets/sprites/Joacquin/sprites/joacquin_idle_semvassoura.png using Guid(a5639c56fcaa95e4eade43c6377c2d77) Importer(815301076,1909f56bfc062723c751e8b465ee728b)  -> (artifact id: 'fbeb440fbb9c670f77b40e2b2bd9bdde') in 0.013857 seconds 
========================================================================
Received Import Request.
  Time since last request: 3.441063 seconds.
  path: Assets/sprites/Joacquin/sprites/jacquin_atirando_big_fireball.png
  artifactKey: Guid(88fd79ff66ab1124da19ceb50be8b0d4) Importer(815301076,1909f56bfc062723c751e8b465ee728b)
Start importing Assets/sprites/Joacquin/sprites/jacquin_atirando_big_fireball.png using Guid(88fd79ff66ab1124da19ceb50be8b0d4) Importer(815301076,1909f56bfc062723c751e8b465ee728b)  -> (artifact id: 'e6d7ee67a68832103f3109fad705c5bf') in 0.018292 seconds 
========================================================================
Received Import Request.
  Time since last request: 1.149448 seconds.
  path: Assets/sprites/Joacquin/sprites/joacquin_big_fireball.png
  artifactKey: Guid(b130bd0d97c6f6a43a96a6c40b3a29cb) Importer(815301076,1909f56bfc062723c751e8b465ee728b)
Start importing Assets/sprites/Joacquin/sprites/joacquin_big_fireball.png using Guid(b130bd0d97c6f6a43a96a6c40b3a29cb) Importer(815301076,1909f56bfc062723c751e8b465ee728b)  -> (artifact id: '6dc1099626c53a69cb8a2c22672bc3ce') in 0.013299 seconds 
========================================================================
Received Import Request.
  Time since last request: 0.870778 seconds.
  path: Assets/sprites/Joacquin/sprites/joacquin_atirando_fireball.png
  artifactKey: Guid(7ee12d7b5cd9c1f43ae6dae2ab0dfc22) Importer(815301076,1909f56bfc062723c751e8b465ee728b)
Start importing Assets/sprites/Joacquin/sprites/joacquin_atirando_fireball.png using Guid(7ee12d7b5cd9c1f43ae6dae2ab0dfc22) Importer(815301076,1909f56bfc062723c751e8b465ee728b)  -> (artifact id: 'bd707c04885e0f44689f52908cc8d3bd') in 0.016546 seconds 
========================================================================
Received Import Request.
  Time since last request: 27.905783 seconds.
  path: Assets/sprites/Joacquin/sprites/jacquin_atirando_big_fireball.png
  artifactKey: Guid(88fd79ff66ab1124da19ceb50be8b0d4) Importer(815301076,1909f56bfc062723c751e8b465ee728b)
Start importing Assets/sprites/Joacquin/sprites/jacquin_atirando_big_fireball.png using Guid(88fd79ff66ab1124da19ceb50be8b0d4) Importer(815301076,1909f56bfc062723c751e8b465ee728b)  -> (artifact id: '09b4f23477097daa512319fb733a9cdb') in 0.093832 seconds 
========================================================================
Received Import Request.
  Time since last request: 8.342375 seconds.
  path: Assets/sprites/Joacquin/sprites/joacquin_atirando_fireball.png
  artifactKey: Guid(7ee12d7b5cd9c1f43ae6dae2ab0dfc22) Importer(815301076,1909f56bfc062723c751e8b465ee728b)
Start importing Assets/sprites/Joacquin/sprites/joacquin_atirando_fireball.png using Guid(7ee12d7b5cd9c1f43ae6dae2ab0dfc22) Importer(815301076,1909f56bfc062723c751e8b465ee728b)  -> (artifact id: 'db5f908cfbd8f37fe96077c54d8b9fd5') in 0.060120 seconds 
========================================================================
Received Import Request.
  Time since last request: 7.874660 seconds.
  path: Assets/sprites/Joacquin/sprites/joacquin_big_fireball.png
  artifactKey: Guid(b130bd0d97c6f6a43a96a6c40b3a29cb) Importer(815301076,1909f56bfc062723c751e8b465ee728b)
Start importing Assets/sprites/Joacquin/sprites/joacquin_big_fireball.png using Guid(b130bd0d97c6f6a43a96a6c40b3a29cb) Importer(815301076,1909f56bfc062723c751e8b465ee728b)  -> (artifact id: 'b20d7301350b37e1149c4b8f17f35828') in 0.028633 seconds 
========================================================================
Received Import Request.
  Time since last request: 1.708444 seconds.
  path: Assets/sprites/Joacquin/sprites/joacquin_curando.png
  artifactKey: Guid(1da51fd4f77b066428c4e79762d452c6) Importer(815301076,1909f56bfc062723c751e8b465ee728b)
Start importing Assets/sprites/Joacquin/sprites/joacquin_curando.png using Guid(1da51fd4f77b066428c4e79762d452c6) Importer(815301076,1909f56bfc062723c751e8b465ee728b)  -> (artifact id: 'f11ccde054866f115f999a66c7d07ed7') in 0.042839 seconds 
========================================================================
Received Import Request.
  Time since last request: 6.162476 seconds.
  path: Assets/sprites/Joacquin/sprites/joacquin_curando.png
  artifactKey: Guid(1da51fd4f77b066428c4e79762d452c6) Importer(815301076,1909f56bfc062723c751e8b465ee728b)
Start importing Assets/sprites/Joacquin/sprites/joacquin_curando.png using Guid(1da51fd4f77b066428c4e79762d452c6) Importer(815301076,1909f56bfc062723c751e8b465ee728b)  -> (artifact id: '8b15be478c1a1fd6a87a7864c6f4a5de') in 0.023130 seconds 
========================================================================
Received Import Request.
  Time since last request: 0.959476 seconds.
  path: Assets/sprites/Joacquin/sprites/joacquin_curando_idle.png
  artifactKey: Guid(a535a23e3695e914c8403a57388f8c6c) Importer(815301076,1909f56bfc062723c751e8b465ee728b)
Start importing Assets/sprites/Joacquin/sprites/joacquin_curando_idle.png using Guid(a535a23e3695e914c8403a57388f8c6c) Importer(815301076,1909f56bfc062723c751e8b465ee728b)  -> (artifact id: '7446ad4bda95fc8e9712b3fada4588af') in 0.036547 seconds 
========================================================================
Received Import Request.
  Time since last request: 7.695846 seconds.
  path: Assets/sprites/Joacquin/sprites/joacquin_curando_idle.png
  artifactKey: Guid(a535a23e3695e914c8403a57388f8c6c) Importer(815301076,1909f56bfc062723c751e8b465ee728b)
Start importing Assets/sprites/Joacquin/sprites/joacquin_curando_idle.png using Guid(a535a23e3695e914c8403a57388f8c6c) Importer(815301076,1909f56bfc062723c751e8b465ee728b)  -> (artifact id: '5f21f5f39a1c99ba41af9fc0b6b1be75') in 0.017798 seconds 
========================================================================
Received Import Request.
  Time since last request: 1.151299 seconds.
  path: Assets/sprites/Joacquin/sprites/joacquin_fireball.png
  artifactKey: Guid(a970abd45d4013b408e21b31f8f44843) Importer(815301076,1909f56bfc062723c751e8b465ee728b)
Start importing Assets/sprites/Joacquin/sprites/joacquin_fireball.png using Guid(a970abd45d4013b408e21b31f8f44843) Importer(815301076,1909f56bfc062723c751e8b465ee728b)  -> (artifact id: '2cf37820aafcc40043582fb7724b6d63') in 0.057408 seconds 
========================================================================
Received Import Request.
  Time since last request: 53.955049 seconds.
  path: Assets/sprites/Joacquin/sprites/joacquin_fireball.png
  artifactKey: Guid(a970abd45d4013b408e21b31f8f44843) Importer(815301076,1909f56bfc062723c751e8b465ee728b)
Start importing Assets/sprites/Joacquin/sprites/joacquin_fireball.png using Guid(a970abd45d4013b408e21b31f8f44843) Importer(815301076,1909f56bfc062723c751e8b465ee728b)  -> (artifact id: '8eadfb1462aeccaa06502aee6816eec5') in 0.021954 seconds 
========================================================================
Received Import Request.
  Time since last request: 1.383926 seconds.
  path: Assets/sprites/Joacquin/sprites/joacquin_guardando_vassoura.png
  artifactKey: Guid(88de9d3f1e42d994e929ca9faa2eb3d5) Importer(815301076,1909f56bfc062723c751e8b465ee728b)
Start importing Assets/sprites/Joacquin/sprites/joacquin_guardando_vassoura.png using Guid(88de9d3f1e42d994e929ca9faa2eb3d5) Importer(815301076,1909f56bfc062723c751e8b465ee728b)  -> (artifact id: '7a12a525ace757f56aa90520ec6f02a4') in 0.016955 seconds 
========================================================================
Received Import Request.
  Time since last request: 12.060876 seconds.
  path: Assets/sprites/Joacquin/sprites/joacquin_guardando_vassoura.png
  artifactKey: Guid(88de9d3f1e42d994e929ca9faa2eb3d5) Importer(815301076,1909f56bfc062723c751e8b465ee728b)
Start importing Assets/sprites/Joacquin/sprites/joacquin_guardando_vassoura.png using Guid(88de9d3f1e42d994e929ca9faa2eb3d5) Importer(815301076,1909f56bfc062723c751e8b465ee728b)  -> (artifact id: 'bd60f23e25e7bb43d2b7c0620d3f4c57') in 0.023675 seconds 
========================================================================
Received Import Request.
  Time since last request: 1.391575 seconds.
  path: Assets/sprites/Joacquin/sprites/joacquin_idle.png
  artifactKey: Guid(e286ad76e06dac348a4905bbac377451) Importer(815301076,1909f56bfc062723c751e8b465ee728b)
Start importing Assets/sprites/Joacquin/sprites/joacquin_idle.png using Guid(e286ad76e06dac348a4905bbac377451) Importer(815301076,1909f56bfc062723c751e8b465ee728b)  -> (artifact id: '2e62f9432c5f00b979b7bdf33c0035b7') in 0.017671 seconds 
========================================================================
Received Import Request.
  Time since last request: 6.385089 seconds.
  path: Assets/sprites/Joacquin/sprites/joacquin_idle.png
  artifactKey: Guid(e286ad76e06dac348a4905bbac377451) Importer(815301076,1909f56bfc062723c751e8b465ee728b)
Start importing Assets/sprites/Joacquin/sprites/joacquin_idle.png using Guid(e286ad76e06dac348a4905bbac377451) Importer(815301076,1909f56bfc062723c751e8b465ee728b)  -> (artifact id: 'c8afabf05ffe4b0f71502c842b6b6127') in 0.017778 seconds 
========================================================================
Received Import Request.
  Time since last request: 8.135969 seconds.
  path: Assets/sprites/Joacquin/sprites/joacquin_idle_semvassoura.png
  artifactKey: Guid(a5639c56fcaa95e4eade43c6377c2d77) Importer(815301076,1909f56bfc062723c751e8b465ee728b)
Start importing Assets/sprites/Joacquin/sprites/joacquin_idle_semvassoura.png using Guid(a5639c56fcaa95e4eade43c6377c2d77) Importer(815301076,1909f56bfc062723c751e8b465ee728b)  -> (artifact id: '40780cd6707bf627c808a9b48f814c14') in 0.019897 seconds 
========================================================================
Received Import Request.
  Time since last request: 1.013774 seconds.
  path: Assets/sprites/Joacquin/sprites/joacquin_varrendo.png
  artifactKey: Guid(07ade2feb11dc8b48998b227d1ee6af1) Importer(815301076,1909f56bfc062723c751e8b465ee728b)
Start importing Assets/sprites/Joacquin/sprites/joacquin_varrendo.png using Guid(07ade2feb11dc8b48998b227d1ee6af1) Importer(815301076,1909f56bfc062723c751e8b465ee728b)  -> (artifact id: 'bf448aa84fec170ce939d41af0eb2d8f') in 0.065533 seconds 
========================================================================
Received Import Request.
  Time since last request: 5.675167 seconds.
  path: Assets/sprites/Joacquin/sprites/joacquin_varrendo.png
  artifactKey: Guid(07ade2feb11dc8b48998b227d1ee6af1) Importer(815301076,1909f56bfc062723c751e8b465ee728b)
Start importing Assets/sprites/Joacquin/sprites/joacquin_varrendo.png using Guid(07ade2feb11dc8b48998b227d1ee6af1) Importer(815301076,1909f56bfc062723c751e8b465ee728b)  -> (artifact id: '73c9d0540872bb3f81daa8da7bc4e898') in 0.018148 seconds 
========================================================================
Received Import Request.
  Time since last request: 105.351778 seconds.
  path: Assets/Animations/Joacquin.controller
  artifactKey: Guid(734f77d8ad5491d4193f5b9bb30739a3) Importer(815301076,1909f56bfc062723c751e8b465ee728b)
Start importing Assets/Animations/Joacquin.controller using Guid(734f77d8ad5491d4193f5b9bb30739a3) Importer(815301076,1909f56bfc062723c751e8b465ee728b)  -> (artifact id: 'ab014eac1088de921776543e8f77aa2e') in 0.009579 seconds 
========================================================================
Received Prepare
Registering precompiled user dll's ...
Registered in 0.045127 seconds.
Begin MonoManager ReloadAssembly
Native extension for WindowsStandalone target not found
Refreshing native plugins compatible for Editor in 0.54 ms, found 3 plugins.
Preloading 0 native plugins for Editor in 0.00 ms.
Mono: successfully reloaded assembly
- Completed reload, in  1.387 seconds
Domain Reload Profiling:
	ReloadAssembly (1387ms)
		BeginReloadAssembly (143ms)
			ExecutionOrderSort (0ms)
			DisableScriptedObjects (8ms)
			BackupInstance (0ms)
			ReleaseScriptingObjects (0ms)
			CreateAndSetChildDomain (40ms)
		EndReloadAssembly (1172ms)
			LoadAssemblies (109ms)
			RebuildTransferFunctionScriptingTraits (0ms)
			SetupTypeCache (335ms)
			ReleaseScriptCaches (1ms)
			RebuildScriptCaches (47ms)
			SetupLoadedEditorAssemblies (528ms)
				LogAssemblyErrors (0ms)
				InitializePlatformSupportModulesInManaged (5ms)
				SetLoadedEditorAssemblies (1ms)
				RefreshPlugins (1ms)
				BeforeProcessingInitializeOnLoad (69ms)
				ProcessInitializeOnLoadAttributes (435ms)
				ProcessInitializeOnLoadMethodAttributes (9ms)
				AfterProcessingInitializeOnLoad (8ms)
				EditorAssembliesLoaded (0ms)
			ExecutionOrderSort2 (0ms)
			AwakeInstancesAfterBackupRestoration (39ms)
Platform modules already initialized, skipping
Refreshing native plugins compatible for Editor in 0.57 ms, found 3 plugins.
Preloading 0 native plugins for Editor in 0.00 ms.
Unloading 2131 Unused Serialized files (Serialized files now loaded: 0)
System memory in use before: 113.1 MB.
System memory in use after: 113.3 MB.

Unloading 16 unused Assets to reduce memory usage. Loaded Objects now: 3056.
Total: 4.400100 ms (FindLiveObjects: 0.279900 ms CreateObjectMapping: 0.108200 ms MarkObjects: 3.984200 ms  DeleteObjects: 0.026500 ms)

AssetImportParameters requested are different than current active one (requested -> active):
  custom:framework-win-MediaFoundation: 216162199b28c13a410421893ffa2e32 -> 
  custom:video-decoder-ogg-theora: a1e56fd34408186e4bbccfd4996cb3dc -> 
  custom:container-muxer-webm: aa71ff27fc2769a1b78a27578f13a17b -> 
  custom:container-demuxer-webm: 4f35f7cbe854078d1ac9338744f61a02 -> 
  custom:container-demuxer-ogg: 62fdf1f143b41e24485cea50d1cbac27 -> 
  custom:video-encoder-webm-vp8: eb34c28f22e8b96e1ab97ce403110664 -> 
  custom:video-decoder-webm-vp8: 9c59270c3fd7afecdb556c50c9e8de78 -> 
  custom:audio-decoder-ogg-vorbis: bf7c407c2cedff20999df2af8eb42d56 -> 
  custom:audio-encoder-webm-vorbis: bf7c407c2cedff20999df2af8eb42d56 -> 
========================================================================
Received Import Request.
  Time since last request: 1265.699804 seconds.
  path: Assets/timeline/Damakos and Not Walking Scene.playable
  artifactKey: Guid(7542173800a7faa40bade94ffa9163bf) Importer(815301076,1909f56bfc062723c751e8b465ee728b)
Start importing Assets/timeline/Damakos and Not Walking Scene.playable using Guid(7542173800a7faa40bade94ffa9163bf) Importer(815301076,1909f56bfc062723c751e8b465ee728b)  -> (artifact id: '69cd1147492b76ac207b87da8cc472b1') in 0.290429 seconds 
========================================================================
Received Import Request.
  Time since last request: 106.928401 seconds.
  path: Assets/Scenes/Cutscene1.unity
  artifactKey: Guid(551f13c703e928849a9b175e07021123) Importer(815301076,1909f56bfc062723c751e8b465ee728b)
Start importing Assets/Scenes/Cutscene1.unity using Guid(551f13c703e928849a9b175e07021123) Importer(815301076,1909f56bfc062723c751e8b465ee728b)  -> (artifact id: '2a2f1440e852d53206c09b937d70e873') in 0.020598 seconds 
========================================================================
Received Import Request.
  Time since last request: 30.918135 seconds.
  path: Assets/Scenes/Cutscene2.unity
  artifactKey: Guid(d4f3df3a6ab96594a8a8b72e2d723954) Importer(815301076,1909f56bfc062723c751e8b465ee728b)
Start importing Assets/Scenes/Cutscene2.unity using Guid(d4f3df3a6ab96594a8a8b72e2d723954) Importer(815301076,1909f56bfc062723c751e8b465ee728b)  -> (artifact id: 'bd0234a3983f4bc3ed527007891101cb') in 0.010488 seconds 
========================================================================
Received Import Request.
  Time since last request: 87.055438 seconds.
  path: Assets/sprites/Joacquin/perfil/Joaquim_Bravo.png
  artifactKey: Guid(1911fe810fbb1144497a67f18ecb1b2a) Importer(815301076,1909f56bfc062723c751e8b465ee728b)
Start importing Assets/sprites/Joacquin/perfil/Joaquim_Bravo.png using Guid(1911fe810fbb1144497a67f18ecb1b2a) Importer(815301076,1909f56bfc062723c751e8b465ee728b)  -> (artifact id: 'abdf14cf50f75410c26955c0b4e5e66a') in 0.093945 seconds 
========================================================================
Received Import Request.
  Time since last request: 0.789082 seconds.
  path: Assets/sprites/Joacquin/perfil/Joaquim_Bravo_Tilt.png
  artifactKey: Guid(768a8edec5307364c93d8b2d507db406) Importer(815301076,1909f56bfc062723c751e8b465ee728b)
Start importing Assets/sprites/Joacquin/perfil/Joaquim_Bravo_Tilt.png using Guid(768a8edec5307364c93d8b2d507db406) Importer(815301076,1909f56bfc062723c751e8b465ee728b)  -> (artifact id: '75bc85a89a724f93cf5936c85f20c2ba') in 0.018843 seconds 
========================================================================
Received Import Request.
  Time since last request: 3.968379 seconds.
  path: Assets/sprites/Joacquin/perfil/Joaquim_Rindo.png
  artifactKey: Guid(e399a31bdd8de944eadd148e2c34f60b) Importer(815301076,1909f56bfc062723c751e8b465ee728b)
Start importing Assets/sprites/Joacquin/perfil/Joaquim_Rindo.png using Guid(e399a31bdd8de944eadd148e2c34f60b) Importer(815301076,1909f56bfc062723c751e8b465ee728b)  -> (artifact id: 'c96f167c9b4fb20b29422aa8ccc93982') in 0.022495 seconds 
========================================================================
Received Prepare
Registering precompiled user dll's ...
Registered in 0.042108 seconds.
Begin MonoManager ReloadAssembly
Native extension for WindowsStandalone target not found
Refreshing native plugins compatible for Editor in 0.52 ms, found 3 plugins.
Preloading 0 native plugins for Editor in 0.00 ms.
Mono: successfully reloaded assembly
- Completed reload, in  1.369 seconds
Domain Reload Profiling:
	ReloadAssembly (1370ms)
		BeginReloadAssembly (151ms)
			ExecutionOrderSort (0ms)
			DisableScriptedObjects (12ms)
			BackupInstance (0ms)
			ReleaseScriptingObjects (0ms)
			CreateAndSetChildDomain (41ms)
		EndReloadAssembly (1153ms)
			LoadAssemblies (148ms)
			RebuildTransferFunctionScriptingTraits (0ms)
			SetupTypeCache (341ms)
			ReleaseScriptCaches (1ms)
			RebuildScriptCaches (47ms)
			SetupLoadedEditorAssemblies (454ms)
				LogAssemblyErrors (0ms)
				InitializePlatformSupportModulesInManaged (5ms)
				SetLoadedEditorAssemblies (0ms)
				RefreshPlugins (1ms)
				BeforeProcessingInitializeOnLoad (62ms)
				ProcessInitializeOnLoadAttributes (364ms)
				ProcessInitializeOnLoadMethodAttributes (13ms)
				AfterProcessingInitializeOnLoad (9ms)
				EditorAssembliesLoaded (0ms)
			ExecutionOrderSort2 (0ms)
			AwakeInstancesAfterBackupRestoration (27ms)
Platform modules already initialized, skipping
Refreshing native plugins compatible for Editor in 0.53 ms, found 3 plugins.
Preloading 0 native plugins for Editor in 0.00 ms.
Unloading 2118 Unused Serialized files (Serialized files now loaded: 0)
System memory in use before: 113.8 MB.
System memory in use after: 114.0 MB.

Unloading 16 unused Assets to reduce memory usage. Loaded Objects now: 3104.
Total: 5.035100 ms (FindLiveObjects: 0.287100 ms CreateObjectMapping: 0.095500 ms MarkObjects: 4.626500 ms  DeleteObjects: 0.024700 ms)

AssetImportParameters requested are different than current active one (requested -> active):
  custom:framework-win-MediaFoundation: 216162199b28c13a410421893ffa2e32 -> 
  custom:video-decoder-ogg-theora: a1e56fd34408186e4bbccfd4996cb3dc -> 
  custom:container-muxer-webm: aa71ff27fc2769a1b78a27578f13a17b -> 
  custom:container-demuxer-webm: 4f35f7cbe854078d1ac9338744f61a02 -> 
  custom:container-demuxer-ogg: 62fdf1f143b41e24485cea50d1cbac27 -> 
  custom:video-encoder-webm-vp8: eb34c28f22e8b96e1ab97ce403110664 -> 
  custom:video-decoder-webm-vp8: 9c59270c3fd7afecdb556c50c9e8de78 -> 
  custom:audio-decoder-ogg-vorbis: bf7c407c2cedff20999df2af8eb42d56 -> 
  custom:audio-encoder-webm-vorbis: bf7c407c2cedff20999df2af8eb42d56 -> 
========================================================================
Received Import Request.
  Time since last request: 173.275314 seconds.
  path: Assets/Scenes/Cutscene2.unity
  artifactKey: Guid(d4f3df3a6ab96594a8a8b72e2d723954) Importer(815301076,1909f56bfc062723c751e8b465ee728b)
Start importing Assets/Scenes/Cutscene2.unity using Guid(d4f3df3a6ab96594a8a8b72e2d723954) Importer(815301076,1909f56bfc062723c751e8b465ee728b)  -> (artifact id: '6e88f4bcf2d9f8f57f31920aa8cbf669') in 0.013928 seconds 
========================================================================
Received Prepare
Registering precompiled user dll's ...
Registered in 0.007316 seconds.
Begin MonoManager ReloadAssembly
Native extension for WindowsStandalone target not found
Refreshing native plugins compatible for Editor in 0.52 ms, found 3 plugins.
Preloading 0 native plugins for Editor in 0.00 ms.
Mono: successfully reloaded assembly
- Completed reload, in  1.994 seconds
Domain Reload Profiling:
	ReloadAssembly (1995ms)
		BeginReloadAssembly (185ms)
			ExecutionOrderSort (0ms)
			DisableScriptedObjects (14ms)
			BackupInstance (0ms)
			ReleaseScriptingObjects (0ms)
			CreateAndSetChildDomain (44ms)
		EndReloadAssembly (1729ms)
			LoadAssemblies (164ms)
			RebuildTransferFunctionScriptingTraits (0ms)
			SetupTypeCache (720ms)
			ReleaseScriptCaches (2ms)
			RebuildScriptCaches (64ms)
			SetupLoadedEditorAssemblies (515ms)
				LogAssemblyErrors (0ms)
				InitializePlatformSupportModulesInManaged (5ms)
				SetLoadedEditorAssemblies (1ms)
				RefreshPlugins (1ms)
				BeforeProcessingInitializeOnLoad (120ms)
				ProcessInitializeOnLoadAttributes (366ms)
				ProcessInitializeOnLoadMethodAttributes (11ms)
				AfterProcessingInitializeOnLoad (11ms)
				EditorAssembliesLoaded (0ms)
			ExecutionOrderSort2 (0ms)
			AwakeInstancesAfterBackupRestoration (30ms)
Platform modules already initialized, skipping
Refreshing native plugins compatible for Editor in 0.85 ms, found 3 plugins.
Preloading 0 native plugins for Editor in 0.00 ms.
Unloading 2117 Unused Serialized files (Serialized files now loaded: 0)
System memory in use before: 113.7 MB.
System memory in use after: 114.0 MB.

Unloading 16 unused Assets to reduce memory usage. Loaded Objects now: 3108.
Total: 6.009600 ms (FindLiveObjects: 0.309100 ms CreateObjectMapping: 0.130000 ms MarkObjects: 5.538200 ms  DeleteObjects: 0.030800 ms)

AssetImportParameters requested are different than current active one (requested -> active):
  custom:framework-win-MediaFoundation: 216162199b28c13a410421893ffa2e32 -> 
  custom:video-decoder-ogg-theora: a1e56fd34408186e4bbccfd4996cb3dc -> 
  custom:container-muxer-webm: aa71ff27fc2769a1b78a27578f13a17b -> 
  custom:container-demuxer-webm: 4f35f7cbe854078d1ac9338744f61a02 -> 
  custom:container-demuxer-ogg: 62fdf1f143b41e24485cea50d1cbac27 -> 
  custom:video-encoder-webm-vp8: eb34c28f22e8b96e1ab97ce403110664 -> 
  custom:video-decoder-webm-vp8: 9c59270c3fd7afecdb556c50c9e8de78 -> 
  custom:audio-decoder-ogg-vorbis: bf7c407c2cedff20999df2af8eb42d56 -> 
  custom:audio-encoder-webm-vorbis: bf7c407c2cedff20999df2af8eb42d56 -> 
========================================================================
Received Prepare
Registering precompiled user dll's ...
Registered in 0.008755 seconds.
Begin MonoManager ReloadAssembly
Native extension for WindowsStandalone target not found
Refreshing native plugins compatible for Editor in 0.49 ms, found 3 plugins.
Preloading 0 native plugins for Editor in 0.00 ms.
Mono: successfully reloaded assembly
- Completed reload, in  1.725 seconds
Domain Reload Profiling:
	ReloadAssembly (1726ms)
		BeginReloadAssembly (154ms)
			ExecutionOrderSort (0ms)
			DisableScriptedObjects (14ms)
			BackupInstance (0ms)
			ReleaseScriptingObjects (0ms)
			CreateAndSetChildDomain (42ms)
		EndReloadAssembly (1487ms)
			LoadAssemblies (126ms)
			RebuildTransferFunctionScriptingTraits (0ms)
			SetupTypeCache (673ms)
			ReleaseScriptCaches (1ms)
			RebuildScriptCaches (53ms)
			SetupLoadedEditorAssemblies (491ms)
				LogAssemblyErrors (0ms)
				InitializePlatformSupportModulesInManaged (5ms)
				SetLoadedEditorAssemblies (0ms)
				RefreshPlugins (1ms)
				BeforeProcessingInitializeOnLoad (60ms)
				ProcessInitializeOnLoadAttributes (407ms)
				ProcessInitializeOnLoadMethodAttributes (10ms)
				AfterProcessingInitializeOnLoad (7ms)
				EditorAssembliesLoaded (0ms)
			ExecutionOrderSort2 (0ms)
			AwakeInstancesAfterBackupRestoration (22ms)
Platform modules already initialized, skipping
Refreshing native plugins compatible for Editor in 0.82 ms, found 3 plugins.
Preloading 0 native plugins for Editor in 0.00 ms.
Unloading 2117 Unused Serialized files (Serialized files now loaded: 0)
System memory in use before: 113.8 MB.
System memory in use after: 114.0 MB.

Unloading 16 unused Assets to reduce memory usage. Loaded Objects now: 3112.
Total: 5.415600 ms (FindLiveObjects: 0.293600 ms CreateObjectMapping: 0.130300 ms MarkObjects: 4.957800 ms  DeleteObjects: 0.032500 ms)

AssetImportParameters requested are different than current active one (requested -> active):
  custom:framework-win-MediaFoundation: 216162199b28c13a410421893ffa2e32 -> 
  custom:video-decoder-ogg-theora: a1e56fd34408186e4bbccfd4996cb3dc -> 
  custom:container-muxer-webm: aa71ff27fc2769a1b78a27578f13a17b -> 
  custom:container-demuxer-webm: 4f35f7cbe854078d1ac9338744f61a02 -> 
  custom:container-demuxer-ogg: 62fdf1f143b41e24485cea50d1cbac27 -> 
  custom:video-encoder-webm-vp8: eb34c28f22e8b96e1ab97ce403110664 -> 
  custom:video-decoder-webm-vp8: 9c59270c3fd7afecdb556c50c9e8de78 -> 
  custom:audio-decoder-ogg-vorbis: bf7c407c2cedff20999df2af8eb42d56 -> 
  custom:audio-encoder-webm-vorbis: bf7c407c2cedff20999df2af8eb42d56 -> 
========================================================================
Received Prepare
Registering precompiled user dll's ...
Registered in 0.004738 seconds.
Begin MonoManager ReloadAssembly
Native extension for WindowsStandalone target not found
Refreshing native plugins compatible for Editor in 0.48 ms, found 3 plugins.
Preloading 0 native plugins for Editor in 0.00 ms.
Mono: successfully reloaded assembly
- Completed reload, in  1.732 seconds
Domain Reload Profiling:
	ReloadAssembly (1732ms)
		BeginReloadAssembly (156ms)
			ExecutionOrderSort (0ms)
			DisableScriptedObjects (12ms)
			BackupInstance (0ms)
			ReleaseScriptingObjects (0ms)
			CreateAndSetChildDomain (43ms)
		EndReloadAssembly (1494ms)
			LoadAssemblies (122ms)
			RebuildTransferFunctionScriptingTraits (0ms)
			SetupTypeCache (594ms)
			ReleaseScriptCaches (1ms)
			RebuildScriptCaches (47ms)
			SetupLoadedEditorAssemblies (616ms)
				LogAssemblyErrors (0ms)
				InitializePlatformSupportModulesInManaged (6ms)
				SetLoadedEditorAssemblies (0ms)
				RefreshPlugins (1ms)
				BeforeProcessingInitializeOnLoad (61ms)
				ProcessInitializeOnLoadAttributes (530ms)
				ProcessInitializeOnLoadMethodAttributes (11ms)
				AfterProcessingInitializeOnLoad (7ms)
				EditorAssembliesLoaded (0ms)
			ExecutionOrderSort2 (0ms)
			AwakeInstancesAfterBackupRestoration (20ms)
Platform modules already initialized, skipping
Refreshing native plugins compatible for Editor in 0.50 ms, found 3 plugins.
Preloading 0 native plugins for Editor in 0.00 ms.
Unloading 2117 Unused Serialized files (Serialized files now loaded: 0)
System memory in use before: 113.8 MB.
System memory in use after: 114.0 MB.

Unloading 16 unused Assets to reduce memory usage. Loaded Objects now: 3116.
Total: 4.480900 ms (FindLiveObjects: 0.254500 ms CreateObjectMapping: 0.117800 ms MarkObjects: 4.086100 ms  DeleteObjects: 0.021500 ms)

AssetImportParameters requested are different than current active one (requested -> active):
  custom:framework-win-MediaFoundation: 216162199b28c13a410421893ffa2e32 -> 
  custom:video-decoder-ogg-theora: a1e56fd34408186e4bbccfd4996cb3dc -> 
  custom:container-muxer-webm: aa71ff27fc2769a1b78a27578f13a17b -> 
  custom:container-demuxer-webm: 4f35f7cbe854078d1ac9338744f61a02 -> 
  custom:container-demuxer-ogg: 62fdf1f143b41e24485cea50d1cbac27 -> 
  custom:video-encoder-webm-vp8: eb34c28f22e8b96e1ab97ce403110664 -> 
  custom:video-decoder-webm-vp8: 9c59270c3fd7afecdb556c50c9e8de78 -> 
  custom:audio-decoder-ogg-vorbis: bf7c407c2cedff20999df2af8eb42d56 -> 
  custom:audio-encoder-webm-vorbis: bf7c407c2cedff20999df2af8eb42d56 -> 
========================================================================
Received Prepare
Registering precompiled user dll's ...
Registered in 0.006875 seconds.
Begin MonoManager ReloadAssembly
Native extension for WindowsStandalone target not found
Refreshing native plugins compatible for Editor in 1.05 ms, found 3 plugins.
Preloading 0 native plugins for Editor in 0.00 ms.
Mono: successfully reloaded assembly
- Completed reload, in  3.168 seconds
Domain Reload Profiling:
	ReloadAssembly (3169ms)
		BeginReloadAssembly (791ms)
			ExecutionOrderSort (0ms)
			DisableScriptedObjects (29ms)
			BackupInstance (0ms)
			ReleaseScriptingObjects (0ms)
			CreateAndSetChildDomain (88ms)
		EndReloadAssembly (2265ms)
			LoadAssemblies (704ms)
			RebuildTransferFunctionScriptingTraits (0ms)
			SetupTypeCache (594ms)
			ReleaseScriptCaches (1ms)
			RebuildScriptCaches (83ms)
			SetupLoadedEditorAssemblies (1161ms)
				LogAssemblyErrors (0ms)
				InitializePlatformSupportModulesInManaged (9ms)
				SetLoadedEditorAssemblies (1ms)
				RefreshPlugins (1ms)
				BeforeProcessingInitializeOnLoad (103ms)
				ProcessInitializeOnLoadAttributes (1010ms)
				ProcessInitializeOnLoadMethodAttributes (20ms)
				AfterProcessingInitializeOnLoad (16ms)
				EditorAssembliesLoaded (2ms)
			ExecutionOrderSort2 (0ms)
			AwakeInstancesAfterBackupRestoration (47ms)
Platform modules already initialized, skipping
Refreshing native plugins compatible for Editor in 0.86 ms, found 3 plugins.
Preloading 0 native plugins for Editor in 0.00 ms.
Unloading 2117 Unused Serialized files (Serialized files now loaded: 0)
System memory in use before: 113.8 MB.
System memory in use after: 114.1 MB.

Unloading 16 unused Assets to reduce memory usage. Loaded Objects now: 3120.
Total: 6.098900 ms (FindLiveObjects: 0.394800 ms CreateObjectMapping: 0.150900 ms MarkObjects: 5.525600 ms  DeleteObjects: 0.025800 ms)

AssetImportParameters requested are different than current active one (requested -> active):
  custom:framework-win-MediaFoundation: 216162199b28c13a410421893ffa2e32 -> 
  custom:video-decoder-ogg-theora: a1e56fd34408186e4bbccfd4996cb3dc -> 
  custom:container-muxer-webm: aa71ff27fc2769a1b78a27578f13a17b -> 
  custom:container-demuxer-webm: 4f35f7cbe854078d1ac9338744f61a02 -> 
  custom:container-demuxer-ogg: 62fdf1f143b41e24485cea50d1cbac27 -> 
  custom:video-encoder-webm-vp8: eb34c28f22e8b96e1ab97ce403110664 -> 
  custom:video-decoder-webm-vp8: 9c59270c3fd7afecdb556c50c9e8de78 -> 
  custom:audio-decoder-ogg-vorbis: bf7c407c2cedff20999df2af8eb42d56 -> 
  custom:audio-encoder-webm-vorbis: bf7c407c2cedff20999df2af8eb42d56 -> 
========================================================================
Received Prepare
Registering precompiled user dll's ...
Registered in 0.006562 seconds.
Begin MonoManager ReloadAssembly
Native extension for WindowsStandalone target not found
Refreshing native plugins compatible for Editor in 0.60 ms, found 3 plugins.
Preloading 0 native plugins for Editor in 0.00 ms.
Mono: successfully reloaded assembly
- Completed reload, in  1.726 seconds
Domain Reload Profiling:
	ReloadAssembly (1726ms)
		BeginReloadAssembly (224ms)
			ExecutionOrderSort (0ms)
			DisableScriptedObjects (22ms)
			BackupInstance (0ms)
			ReleaseScriptingObjects (0ms)
			CreateAndSetChildDomain (63ms)
		EndReloadAssembly (1389ms)
			LoadAssemblies (193ms)
			RebuildTransferFunctionScriptingTraits (0ms)
			SetupTypeCache (373ms)
			ReleaseScriptCaches (1ms)
			RebuildScriptCaches (48ms)
			SetupLoadedEditorAssemblies (682ms)
				LogAssemblyErrors (0ms)
				InitializePlatformSupportModulesInManaged (7ms)
				SetLoadedEditorAssemblies (1ms)
				RefreshPlugins (1ms)
				BeforeProcessingInitializeOnLoad (63ms)
				ProcessInitializeOnLoadAttributes (592ms)
				ProcessInitializeOnLoadMethodAttributes (10ms)
				AfterProcessingInitializeOnLoad (9ms)
				EditorAssembliesLoaded (0ms)
			ExecutionOrderSort2 (0ms)
			AwakeInstancesAfterBackupRestoration (23ms)
Platform modules already initialized, skipping
Refreshing native plugins compatible for Editor in 0.58 ms, found 3 plugins.
Preloading 0 native plugins for Editor in 0.00 ms.
Unloading 2117 Unused Serialized files (Serialized files now loaded: 0)
System memory in use before: 113.8 MB.
System memory in use after: 114.1 MB.

Unloading 16 unused Assets to reduce memory usage. Loaded Objects now: 3124.
Total: 5.516200 ms (FindLiveObjects: 0.653300 ms CreateObjectMapping: 0.183300 ms MarkObjects: 4.656000 ms  DeleteObjects: 0.022400 ms)

AssetImportParameters requested are different than current active one (requested -> active):
  custom:framework-win-MediaFoundation: 216162199b28c13a410421893ffa2e32 -> 
  custom:video-decoder-ogg-theora: a1e56fd34408186e4bbccfd4996cb3dc -> 
  custom:container-muxer-webm: aa71ff27fc2769a1b78a27578f13a17b -> 
  custom:container-demuxer-webm: 4f35f7cbe854078d1ac9338744f61a02 -> 
  custom:container-demuxer-ogg: 62fdf1f143b41e24485cea50d1cbac27 -> 
  custom:video-encoder-webm-vp8: eb34c28f22e8b96e1ab97ce403110664 -> 
  custom:video-decoder-webm-vp8: 9c59270c3fd7afecdb556c50c9e8de78 -> 
  custom:audio-decoder-ogg-vorbis: bf7c407c2cedff20999df2af8eb42d56 -> 
  custom:audio-encoder-webm-vorbis: bf7c407c2cedff20999df2af8eb42d56 -> 
========================================================================
Received Prepare
Registering precompiled user dll's ...
Registered in 0.004902 seconds.
Begin MonoManager ReloadAssembly
Native extension for WindowsStandalone target not found
Refreshing native plugins compatible for Editor in 0.54 ms, found 3 plugins.
Preloading 0 native plugins for Editor in 0.00 ms.
Mono: successfully reloaded assembly
- Completed reload, in  1.512 seconds
Domain Reload Profiling:
	ReloadAssembly (1513ms)
		BeginReloadAssembly (173ms)
			ExecutionOrderSort (0ms)
			DisableScriptedObjects (16ms)
			BackupInstance (0ms)
			ReleaseScriptingObjects (0ms)
			CreateAndSetChildDomain (44ms)
		EndReloadAssembly (1256ms)
			LoadAssemblies (145ms)
			RebuildTransferFunctionScriptingTraits (0ms)
			SetupTypeCache (397ms)
			ReleaseScriptCaches (1ms)
			RebuildScriptCaches (53ms)
			SetupLoadedEditorAssemblies (524ms)
				LogAssemblyErrors (0ms)
				InitializePlatformSupportModulesInManaged (6ms)
				SetLoadedEditorAssemblies (0ms)
				RefreshPlugins (1ms)
				BeforeProcessingInitializeOnLoad (70ms)
				ProcessInitializeOnLoadAttributes (419ms)
				ProcessInitializeOnLoadMethodAttributes (17ms)
				AfterProcessingInitializeOnLoad (12ms)
				EditorAssembliesLoaded (0ms)
			ExecutionOrderSort2 (0ms)
			AwakeInstancesAfterBackupRestoration (30ms)
Platform modules already initialized, skipping
Refreshing native plugins compatible for Editor in 0.53 ms, found 3 plugins.
Preloading 0 native plugins for Editor in 0.00 ms.
Unloading 2117 Unused Serialized files (Serialized files now loaded: 0)
System memory in use before: 113.9 MB.
System memory in use after: 114.1 MB.

Unloading 16 unused Assets to reduce memory usage. Loaded Objects now: 3128.
Total: 5.520200 ms (FindLiveObjects: 0.370100 ms CreateObjectMapping: 0.180100 ms MarkObjects: 4.945800 ms  DeleteObjects: 0.022800 ms)

AssetImportParameters requested are different than current active one (requested -> active):
  custom:framework-win-MediaFoundation: 216162199b28c13a410421893ffa2e32 -> 
  custom:video-decoder-ogg-theora: a1e56fd34408186e4bbccfd4996cb3dc -> 
  custom:container-muxer-webm: aa71ff27fc2769a1b78a27578f13a17b -> 
  custom:container-demuxer-webm: 4f35f7cbe854078d1ac9338744f61a02 -> 
  custom:container-demuxer-ogg: 62fdf1f143b41e24485cea50d1cbac27 -> 
  custom:video-encoder-webm-vp8: eb34c28f22e8b96e1ab97ce403110664 -> 
  custom:video-decoder-webm-vp8: 9c59270c3fd7afecdb556c50c9e8de78 -> 
  custom:audio-decoder-ogg-vorbis: bf7c407c2cedff20999df2af8eb42d56 -> 
  custom:audio-encoder-webm-vorbis: bf7c407c2cedff20999df2af8eb42d56 -> 
========================================================================
Received Prepare
Registering precompiled user dll's ...
Registered in 0.005011 seconds.
Begin MonoManager ReloadAssembly
Native extension for WindowsStandalone target not found
Refreshing native plugins compatible for Editor in 0.77 ms, found 3 plugins.
Preloading 0 native plugins for Editor in 0.00 ms.
Mono: successfully reloaded assembly
- Completed reload, in  1.825 seconds
Domain Reload Profiling:
	ReloadAssembly (1826ms)
		BeginReloadAssembly (174ms)
			ExecutionOrderSort (0ms)
			DisableScriptedObjects (12ms)
			BackupInstance (0ms)
			ReleaseScriptingObjects (0ms)
			CreateAndSetChildDomain (42ms)
		EndReloadAssembly (1561ms)
			LoadAssemblies (133ms)
			RebuildTransferFunctionScriptingTraits (0ms)
			SetupTypeCache (731ms)
			ReleaseScriptCaches (1ms)
			RebuildScriptCaches (57ms)
			SetupLoadedEditorAssemblies (518ms)
				LogAssemblyErrors (0ms)
				InitializePlatformSupportModulesInManaged (6ms)
				SetLoadedEditorAssemblies (1ms)
				RefreshPlugins (1ms)
				BeforeProcessingInitializeOnLoad (71ms)
				ProcessInitializeOnLoadAttributes (419ms)
				ProcessInitializeOnLoadMethodAttributes (13ms)
				AfterProcessingInitializeOnLoad (8ms)
				EditorAssembliesLoaded (0ms)
			ExecutionOrderSort2 (0ms)
			AwakeInstancesAfterBackupRestoration (24ms)
Platform modules already initialized, skipping
Refreshing native plugins compatible for Editor in 0.53 ms, found 3 plugins.
Preloading 0 native plugins for Editor in 0.00 ms.
Unloading 2117 Unused Serialized files (Serialized files now loaded: 0)
System memory in use before: 113.9 MB.
System memory in use after: 114.1 MB.

Unloading 16 unused Assets to reduce memory usage. Loaded Objects now: 3132.
Total: 5.135900 ms (FindLiveObjects: 0.373300 ms CreateObjectMapping: 0.125200 ms MarkObjects: 4.613300 ms  DeleteObjects: 0.022600 ms)

AssetImportParameters requested are different than current active one (requested -> active):
  custom:framework-win-MediaFoundation: 216162199b28c13a410421893ffa2e32 -> 
  custom:video-decoder-ogg-theora: a1e56fd34408186e4bbccfd4996cb3dc -> 
  custom:container-muxer-webm: aa71ff27fc2769a1b78a27578f13a17b -> 
  custom:container-demuxer-webm: 4f35f7cbe854078d1ac9338744f61a02 -> 
  custom:container-demuxer-ogg: 62fdf1f143b41e24485cea50d1cbac27 -> 
  custom:video-encoder-webm-vp8: eb34c28f22e8b96e1ab97ce403110664 -> 
  custom:video-decoder-webm-vp8: 9c59270c3fd7afecdb556c50c9e8de78 -> 
  custom:audio-decoder-ogg-vorbis: bf7c407c2cedff20999df2af8eb42d56 -> 
  custom:audio-encoder-webm-vorbis: bf7c407c2cedff20999df2af8eb42d56 -> 
========================================================================
Received Prepare
Registering precompiled user dll's ...
Registered in 0.004818 seconds.
Begin MonoManager ReloadAssembly
Native extension for WindowsStandalone target not found
Refreshing native plugins compatible for Editor in 0.51 ms, found 3 plugins.
Preloading 0 native plugins for Editor in 0.00 ms.
Mono: successfully reloaded assembly
- Completed reload, in  1.624 seconds
Domain Reload Profiling:
	ReloadAssembly (1625ms)
		BeginReloadAssembly (152ms)
			ExecutionOrderSort (0ms)
			DisableScriptedObjects (12ms)
			BackupInstance (0ms)
			ReleaseScriptingObjects (0ms)
			CreateAndSetChildDomain (41ms)
		EndReloadAssembly (1379ms)
			LoadAssemblies (132ms)
			RebuildTransferFunctionScriptingTraits (0ms)
			SetupTypeCache (586ms)
			ReleaseScriptCaches (1ms)
			RebuildScriptCaches (52ms)
			SetupLoadedEditorAssemblies (467ms)
				LogAssemblyErrors (0ms)
				InitializePlatformSupportModulesInManaged (6ms)
				SetLoadedEditorAssemblies (0ms)
				RefreshPlugins (1ms)
				BeforeProcessingInitializeOnLoad (63ms)
				ProcessInitializeOnLoadAttributes (379ms)
				ProcessInitializeOnLoadMethodAttributes (11ms)
				AfterProcessingInitializeOnLoad (8ms)
				EditorAssembliesLoaded (0ms)
			ExecutionOrderSort2 (0ms)
			AwakeInstancesAfterBackupRestoration (26ms)
Platform modules already initialized, skipping
Refreshing native plugins compatible for Editor in 0.54 ms, found 3 plugins.
Preloading 0 native plugins for Editor in 0.00 ms.
Unloading 2117 Unused Serialized files (Serialized files now loaded: 0)
System memory in use before: 114.0 MB.
System memory in use after: 114.2 MB.

Unloading 16 unused Assets to reduce memory usage. Loaded Objects now: 3136.
Total: 4.417700 ms (FindLiveObjects: 0.257600 ms CreateObjectMapping: 0.089000 ms MarkObjects: 4.049800 ms  DeleteObjects: 0.020400 ms)

AssetImportParameters requested are different than current active one (requested -> active):
  custom:framework-win-MediaFoundation: 216162199b28c13a410421893ffa2e32 -> 
  custom:video-decoder-ogg-theora: a1e56fd34408186e4bbccfd4996cb3dc -> 
  custom:container-muxer-webm: aa71ff27fc2769a1b78a27578f13a17b -> 
  custom:container-demuxer-webm: 4f35f7cbe854078d1ac9338744f61a02 -> 
  custom:container-demuxer-ogg: 62fdf1f143b41e24485cea50d1cbac27 -> 
  custom:video-encoder-webm-vp8: eb34c28f22e8b96e1ab97ce403110664 -> 
  custom:video-decoder-webm-vp8: 9c59270c3fd7afecdb556c50c9e8de78 -> 
  custom:audio-decoder-ogg-vorbis: bf7c407c2cedff20999df2af8eb42d56 -> 
  custom:audio-encoder-webm-vorbis: bf7c407c2cedff20999df2af8eb42d56 -> 
========================================================================
Received Prepare
Registering precompiled user dll's ...
Registered in 0.038373 seconds.
Begin MonoManager ReloadAssembly
Native extension for WindowsStandalone target not found
Refreshing native plugins compatible for Editor in 0.58 ms, found 3 plugins.
Preloading 0 native plugins for Editor in 0.00 ms.
Mono: successfully reloaded assembly
- Completed reload, in  2.728 seconds
Domain Reload Profiling:
	ReloadAssembly (2729ms)
		BeginReloadAssembly (880ms)
			ExecutionOrderSort (0ms)
			DisableScriptedObjects (129ms)
			BackupInstance (0ms)
			ReleaseScriptingObjects (0ms)
			CreateAndSetChildDomain (178ms)
		EndReloadAssembly (1726ms)
			LoadAssemblies (302ms)
			RebuildTransferFunctionScriptingTraits (0ms)
			SetupTypeCache (604ms)
			ReleaseScriptCaches (1ms)
			RebuildScriptCaches (87ms)
			SetupLoadedEditorAssemblies (653ms)
				LogAssemblyErrors (0ms)
				InitializePlatformSupportModulesInManaged (10ms)
				SetLoadedEditorAssemblies (1ms)
				RefreshPlugins (1ms)
				BeforeProcessingInitializeOnLoad (100ms)
				ProcessInitializeOnLoadAttributes (524ms)
				ProcessInitializeOnLoadMethodAttributes (10ms)
				AfterProcessingInitializeOnLoad (7ms)
				EditorAssembliesLoaded (0ms)
			ExecutionOrderSort2 (0ms)
			AwakeInstancesAfterBackupRestoration (21ms)
Platform modules already initialized, skipping
Refreshing native plugins compatible for Editor in 0.50 ms, found 3 plugins.
Preloading 0 native plugins for Editor in 0.00 ms.
Unloading 2117 Unused Serialized files (Serialized files now loaded: 0)
System memory in use before: 114.0 MB.
System memory in use after: 114.2 MB.

Unloading 16 unused Assets to reduce memory usage. Loaded Objects now: 3140.
Total: 4.469700 ms (FindLiveObjects: 0.251700 ms CreateObjectMapping: 0.101700 ms MarkObjects: 4.093000 ms  DeleteObjects: 0.022200 ms)

AssetImportParameters requested are different than current active one (requested -> active):
  custom:framework-win-MediaFoundation: 216162199b28c13a410421893ffa2e32 -> 
  custom:video-decoder-ogg-theora: a1e56fd34408186e4bbccfd4996cb3dc -> 
  custom:container-muxer-webm: aa71ff27fc2769a1b78a27578f13a17b -> 
  custom:container-demuxer-webm: 4f35f7cbe854078d1ac9338744f61a02 -> 
  custom:container-demuxer-ogg: 62fdf1f143b41e24485cea50d1cbac27 -> 
  custom:video-encoder-webm-vp8: eb34c28f22e8b96e1ab97ce403110664 -> 
  custom:video-decoder-webm-vp8: 9c59270c3fd7afecdb556c50c9e8de78 -> 
  custom:audio-decoder-ogg-vorbis: bf7c407c2cedff20999df2af8eb42d56 -> 
  custom:audio-encoder-webm-vorbis: bf7c407c2cedff20999df2af8eb42d56 -> 
========================================================================
Received Prepare
Registering precompiled user dll's ...
Registered in 0.004875 seconds.
Begin MonoManager ReloadAssembly
Native extension for WindowsStandalone target not found
Refreshing native plugins compatible for Editor in 0.51 ms, found 3 plugins.
Preloading 0 native plugins for Editor in 0.00 ms.
Mono: successfully reloaded assembly
- Completed reload, in  1.814 seconds
Domain Reload Profiling:
	ReloadAssembly (1814ms)
		BeginReloadAssembly (152ms)
			ExecutionOrderSort (0ms)
			DisableScriptedObjects (12ms)
			BackupInstance (0ms)
			ReleaseScriptingObjects (0ms)
			CreateAndSetChildDomain (42ms)
		EndReloadAssembly (1584ms)
			LoadAssemblies (132ms)
			RebuildTransferFunctionScriptingTraits (0ms)
			SetupTypeCache (771ms)
			ReleaseScriptCaches (1ms)
			RebuildScriptCaches (46ms)
			SetupLoadedEditorAssemblies (508ms)
				LogAssemblyErrors (0ms)
				InitializePlatformSupportModulesInManaged (5ms)
				SetLoadedEditorAssemblies (0ms)
				RefreshPlugins (1ms)
				BeforeProcessingInitializeOnLoad (77ms)
				ProcessInitializeOnLoadAttributes (401ms)
				ProcessInitializeOnLoadMethodAttributes (12ms)
				AfterProcessingInitializeOnLoad (11ms)
				EditorAssembliesLoaded (0ms)
			ExecutionOrderSort2 (0ms)
			AwakeInstancesAfterBackupRestoration (26ms)
Platform modules already initialized, skipping
Refreshing native plugins compatible for Editor in 0.54 ms, found 3 plugins.
Preloading 0 native plugins for Editor in 0.00 ms.
Unloading 2117 Unused Serialized files (Serialized files now loaded: 0)
System memory in use before: 114.0 MB.
System memory in use after: 114.2 MB.

Unloading 16 unused Assets to reduce memory usage. Loaded Objects now: 3144.
Total: 4.105900 ms (FindLiveObjects: 0.287100 ms CreateObjectMapping: 0.107000 ms MarkObjects: 3.688400 ms  DeleteObjects: 0.022100 ms)

AssetImportParameters requested are different than current active one (requested -> active):
  custom:framework-win-MediaFoundation: 216162199b28c13a410421893ffa2e32 -> 
  custom:video-decoder-ogg-theora: a1e56fd34408186e4bbccfd4996cb3dc -> 
  custom:container-muxer-webm: aa71ff27fc2769a1b78a27578f13a17b -> 
  custom:container-demuxer-webm: 4f35f7cbe854078d1ac9338744f61a02 -> 
  custom:container-demuxer-ogg: 62fdf1f143b41e24485cea50d1cbac27 -> 
  custom:video-encoder-webm-vp8: eb34c28f22e8b96e1ab97ce403110664 -> 
  custom:video-decoder-webm-vp8: 9c59270c3fd7afecdb556c50c9e8de78 -> 
  custom:audio-decoder-ogg-vorbis: bf7c407c2cedff20999df2af8eb42d56 -> 
  custom:audio-encoder-webm-vorbis: bf7c407c2cedff20999df2af8eb42d56 -> 
========================================================================
Received Prepare
Registering precompiled user dll's ...
Registered in 0.004644 seconds.
Begin MonoManager ReloadAssembly
Native extension for WindowsStandalone target not found
Refreshing native plugins compatible for Editor in 0.79 ms, found 3 plugins.
Preloading 0 native plugins for Editor in 0.00 ms.
Mono: successfully reloaded assembly
- Completed reload, in  4.020 seconds
Domain Reload Profiling:
	ReloadAssembly (4020ms)
		BeginReloadAssembly (605ms)
			ExecutionOrderSort (0ms)
			DisableScriptedObjects (12ms)
			BackupInstance (0ms)
			ReleaseScriptingObjects (0ms)
			CreateAndSetChildDomain (344ms)
		EndReloadAssembly (3323ms)
			LoadAssemblies (935ms)
			RebuildTransferFunctionScriptingTraits (0ms)
			SetupTypeCache (554ms)
			ReleaseScriptCaches (2ms)
			RebuildScriptCaches (116ms)
			SetupLoadedEditorAssemblies (1575ms)
				LogAssemblyErrors (0ms)
				InitializePlatformSupportModulesInManaged (8ms)
				SetLoadedEditorAssemblies (0ms)
				RefreshPlugins (1ms)
				BeforeProcessingInitializeOnLoad (134ms)
				ProcessInitializeOnLoadAttributes (1412ms)
				ProcessInitializeOnLoadMethodAttributes (10ms)
				AfterProcessingInitializeOnLoad (9ms)
				EditorAssembliesLoaded (0ms)
			ExecutionOrderSort2 (0ms)
			AwakeInstancesAfterBackupRestoration (21ms)
Platform modules already initialized, skipping
Refreshing native plugins compatible for Editor in 0.64 ms, found 3 plugins.
Preloading 0 native plugins for Editor in 0.00 ms.
Unloading 2117 Unused Serialized files (Serialized files now loaded: 0)
System memory in use before: 114.0 MB.
System memory in use after: 114.2 MB.

Unloading 16 unused Assets to reduce memory usage. Loaded Objects now: 3148.
Total: 5.762300 ms (FindLiveObjects: 0.295500 ms CreateObjectMapping: 0.131200 ms MarkObjects: 5.308600 ms  DeleteObjects: 0.025600 ms)

AssetImportParameters requested are different than current active one (requested -> active):
  custom:framework-win-MediaFoundation: 216162199b28c13a410421893ffa2e32 -> 
  custom:video-decoder-ogg-theora: a1e56fd34408186e4bbccfd4996cb3dc -> 
  custom:container-muxer-webm: aa71ff27fc2769a1b78a27578f13a17b -> 
  custom:container-demuxer-webm: 4f35f7cbe854078d1ac9338744f61a02 -> 
  custom:container-demuxer-ogg: 62fdf1f143b41e24485cea50d1cbac27 -> 
  custom:video-encoder-webm-vp8: eb34c28f22e8b96e1ab97ce403110664 -> 
  custom:video-decoder-webm-vp8: 9c59270c3fd7afecdb556c50c9e8de78 -> 
  custom:audio-decoder-ogg-vorbis: bf7c407c2cedff20999df2af8eb42d56 -> 
  custom:audio-encoder-webm-vorbis: bf7c407c2cedff20999df2af8eb42d56 -> 
========================================================================
Received Prepare
Registering precompiled user dll's ...
Registered in 0.017242 seconds.
Begin MonoManager ReloadAssembly
Native extension for WindowsStandalone target not found
Refreshing native plugins compatible for Editor in 0.55 ms, found 3 plugins.
Preloading 0 native plugins for Editor in 0.00 ms.
Mono: successfully reloaded assembly
- Completed reload, in  1.916 seconds
Domain Reload Profiling:
	ReloadAssembly (1918ms)
		BeginReloadAssembly (238ms)
			ExecutionOrderSort (0ms)
			DisableScriptedObjects (14ms)
			BackupInstance (0ms)
			ReleaseScriptingObjects (0ms)
			CreateAndSetChildDomain (49ms)
		EndReloadAssembly (1184ms)
			LoadAssemblies (212ms)
			RebuildTransferFunctionScriptingTraits (0ms)
			SetupTypeCache (377ms)
			ReleaseScriptCaches (1ms)
			RebuildScriptCaches (49ms)
			SetupLoadedEditorAssemblies (491ms)
				LogAssemblyErrors (0ms)
				InitializePlatformSupportModulesInManaged (21ms)
				SetLoadedEditorAssemblies (1ms)
				RefreshPlugins (1ms)
				BeforeProcessingInitializeOnLoad (90ms)
				ProcessInitializeOnLoadAttributes (360ms)
				ProcessInitializeOnLoadMethodAttributes (11ms)
				AfterProcessingInitializeOnLoad (7ms)
				EditorAssembliesLoaded (0ms)
			ExecutionOrderSort2 (0ms)
			AwakeInstancesAfterBackupRestoration (24ms)
Platform modules already initialized, skipping
Refreshing native plugins compatible for Editor in 0.51 ms, found 3 plugins.
Preloading 0 native plugins for Editor in 0.00 ms.
Unloading 2117 Unused Serialized files (Serialized files now loaded: 0)
System memory in use before: 114.0 MB.
System memory in use after: 114.2 MB.

Unloading 16 unused Assets to reduce memory usage. Loaded Objects now: 3152.
Total: 3.922600 ms (FindLiveObjects: 0.263800 ms CreateObjectMapping: 0.108700 ms MarkObjects: 3.522000 ms  DeleteObjects: 0.026900 ms)

AssetImportParameters requested are different than current active one (requested -> active):
  custom:framework-win-MediaFoundation: 216162199b28c13a410421893ffa2e32 -> 
  custom:video-decoder-ogg-theora: a1e56fd34408186e4bbccfd4996cb3dc -> 
  custom:container-muxer-webm: aa71ff27fc2769a1b78a27578f13a17b -> 
  custom:container-demuxer-webm: 4f35f7cbe854078d1ac9338744f61a02 -> 
  custom:container-demuxer-ogg: 62fdf1f143b41e24485cea50d1cbac27 -> 
  custom:video-encoder-webm-vp8: eb34c28f22e8b96e1ab97ce403110664 -> 
  custom:video-decoder-webm-vp8: 9c59270c3fd7afecdb556c50c9e8de78 -> 
  custom:audio-decoder-ogg-vorbis: bf7c407c2cedff20999df2af8eb42d56 -> 
  custom:audio-encoder-webm-vorbis: bf7c407c2cedff20999df2af8eb42d56 -> 
========================================================================
Received Prepare
Registering precompiled user dll's ...
Registered in 0.005038 seconds.
Begin MonoManager ReloadAssembly
Native extension for WindowsStandalone target not found
Refreshing native plugins compatible for Editor in 0.49 ms, found 3 plugins.
Preloading 0 native plugins for Editor in 0.00 ms.
Mono: successfully reloaded assembly
- Completed reload, in  1.595 seconds
Domain Reload Profiling:
	ReloadAssembly (1596ms)
		BeginReloadAssembly (167ms)
			ExecutionOrderSort (0ms)
			DisableScriptedObjects (11ms)
			BackupInstance (0ms)
			ReleaseScriptingObjects (0ms)
			CreateAndSetChildDomain (45ms)
		EndReloadAssembly (1359ms)
			LoadAssemblies (132ms)
			RebuildTransferFunctionScriptingTraits (0ms)
			SetupTypeCache (584ms)
			ReleaseScriptCaches (1ms)
			RebuildScriptCaches (56ms)
			SetupLoadedEditorAssemblies (478ms)
				LogAssemblyErrors (0ms)
				InitializePlatformSupportModulesInManaged (5ms)
				SetLoadedEditorAssemblies (0ms)
				RefreshPlugins (1ms)
				BeforeProcessingInitializeOnLoad (59ms)
				ProcessInitializeOnLoadAttributes (392ms)
				ProcessInitializeOnLoadMethodAttributes (11ms)
				AfterProcessingInitializeOnLoad (9ms)
				EditorAssembliesLoaded (0ms)
			ExecutionOrderSort2 (0ms)
			AwakeInstancesAfterBackupRestoration (26ms)
Platform modules already initialized, skipping
Refreshing native plugins compatible for Editor in 1.07 ms, found 3 plugins.
Preloading 0 native plugins for Editor in 0.00 ms.
Unloading 2117 Unused Serialized files (Serialized files now loaded: 0)
System memory in use before: 114.0 MB.
System memory in use after: 114.3 MB.

Unloading 16 unused Assets to reduce memory usage. Loaded Objects now: 3156.
Total: 4.766800 ms (FindLiveObjects: 0.310700 ms CreateObjectMapping: 0.100800 ms MarkObjects: 4.331600 ms  DeleteObjects: 0.022500 ms)

AssetImportParameters requested are different than current active one (requested -> active):
  custom:framework-win-MediaFoundation: 216162199b28c13a410421893ffa2e32 -> 
  custom:video-decoder-ogg-theora: a1e56fd34408186e4bbccfd4996cb3dc -> 
  custom:container-muxer-webm: aa71ff27fc2769a1b78a27578f13a17b -> 
  custom:container-demuxer-webm: 4f35f7cbe854078d1ac9338744f61a02 -> 
  custom:container-demuxer-ogg: 62fdf1f143b41e24485cea50d1cbac27 -> 
  custom:video-encoder-webm-vp8: eb34c28f22e8b96e1ab97ce403110664 -> 
  custom:video-decoder-webm-vp8: 9c59270c3fd7afecdb556c50c9e8de78 -> 
  custom:audio-decoder-ogg-vorbis: bf7c407c2cedff20999df2af8eb42d56 -> 
  custom:audio-encoder-webm-vorbis: bf7c407c2cedff20999df2af8eb42d56 -> 
